2025-05-05 00:00:25,385 [sql-log-1-thread-1] INFO  o.t.s.dao.sql.TbSqlBlockingQueue - Queue-0 [TS] queueSize [0] totalAdded [7] totalSaved [7] totalFailed [0]
2025-05-05 00:00:25,453 [sql-log-1-thread-1] INFO  o.t.s.dao.sql.TbSqlBlockingQueue - Queue-0 [TS Latest] queueSize [0] totalAdded [7] totalSaved [7] totalFailed [0]
2025-05-05 00:00:35,385 [sql-log-1-thread-1] INFO  o.t.s.dao.sql.TbSqlBlockingQueue - Queue-0 [TS] queueSize [0] totalAdded [28] totalSaved [28] totalFailed [0]
2025-05-05 00:00:35,386 [sql-log-1-thread-1] INFO  o.t.s.dao.sql.TbSqlBlockingQueue - Queue-2 [TS] queueSize [0] totalAdded [6] totalSaved [6] totalFailed [0]
2025-05-05 00:00:35,453 [sql-log-1-thread-1] INFO  o.t.s.dao.sql.TbSqlBlockingQueue - Queue-0 [TS Latest] queueSize [0] totalAdded [28] totalSaved [28] totalFailed [0]
2025-05-05 00:00:35,453 [sql-log-1-thread-1] INFO  o.t.s.dao.sql.TbSqlBlockingQueue - Queue-2 [TS Latest] queueSize [0] totalAdded [6] totalSaved [6] totalFailed [0]
2025-05-05 00:00:42,772 [TB-Scheduling-6] INFO  o.t.s.s.queue.TbCoreConsumerStats - Core Stats: totalMsgs = [5] sessionEvents = [0] getAttr = [0] subToAttr = [0] subToRpc = [0] toDevRpc = [0] subInfo = [5] claimDevice = [0] deviceState = [0] subMsgs = [0] deviceConnect = [0] deviceActivity = [0] deviceDisconnect = [0] deviceInactivity = [0] coreNfOther = [0] coreNfCompLfcl = [0] coreNfDevRpcRsp = [0] coreNfNfRlProc = [0] coreNfQueueUpd = [0] coreNfQueueDel = [0] coreNfSubSvc = [0] coreNfSubMgr = [0] coreNfVCRsp = [0] 
2025-05-05 00:00:42,893 [TB-Scheduling-4] INFO  o.t.s.s.q.TbRuleEngineConsumerStats - [Main] Stats: totalMsgs = [5] successfulMsgs = [5] timeoutMsgs = [0] failedMsgs = [0] tmpTimeout = [0] tmpFailed = [0] successfulIterations = [5] failedIterations = [0] 
2025-05-05 00:00:44,454 [sql-log-1-thread-1] INFO  o.t.s.dao.sql.TbSqlBlockingQueue - Queue-0 [Attributes] queueSize [0] totalAdded [4] totalSaved [4] totalFailed [0]
2025-05-05 00:00:44,456 [sql-log-1-thread-1] INFO  o.t.s.dao.sql.TbSqlBlockingQueue - Queue-2 [Attributes] queueSize [0] totalAdded [1] totalSaved [1] totalFailed [0]
2025-05-05 00:00:45,384 [sql-log-1-thread-1] INFO  o.t.s.dao.sql.TbSqlBlockingQueue - Queue-0 [TS] queueSize [0] totalAdded [8] totalSaved [8] totalFailed [0]
2025-05-05 00:00:45,385 [sql-log-1-thread-1] INFO  o.t.s.dao.sql.TbSqlBlockingQueue - Queue-2 [TS] queueSize [0] totalAdded [14] totalSaved [14] totalFailed [0]
2025-05-05 00:00:45,451 [sql-log-1-thread-1] INFO  o.t.s.dao.sql.TbSqlBlockingQueue - Queue-0 [TS Latest] queueSize [0] totalAdded [8] totalSaved [8] totalFailed [0]
2025-05-05 00:00:45,452 [sql-log-1-thread-1] INFO  o.t.s.dao.sql.TbSqlBlockingQueue - Queue-2 [TS Latest] queueSize [0] totalAdded [14] totalSaved [14] totalFailed [0]
2025-05-05 00:00:55,384 [sql-log-1-thread-1] INFO  o.t.s.dao.sql.TbSqlBlockingQueue - Queue-0 [TS] queueSize [0] totalAdded [2] totalSaved [2] totalFailed [0]
2025-05-05 00:00:55,385 [sql-log-1-thread-1] INFO  o.t.s.dao.sql.TbSqlBlockingQueue - Queue-2 [TS] queueSize [0] totalAdded [2] totalSaved [2] totalFailed [0]
2025-05-05 00:00:55,451 [sql-log-1-thread-1] INFO  o.t.s.dao.sql.TbSqlBlockingQueue - Queue-0 [TS Latest] queueSize [0] totalAdded [2] totalSaved [2] totalFailed [0]
2025-05-05 00:00:55,452 [sql-log-1-thread-1] INFO  o.t.s.dao.sql.TbSqlBlockingQueue - Queue-2 [TS Latest] queueSize [0] totalAdded [2] totalSaved [2] totalFailed [0]
2025-05-05 00:01:25,382 [sql-log-1-thread-1] INFO  o.t.s.dao.sql.TbSqlBlockingQueue - Queue-0 [TS] queueSize [0] totalAdded [7] totalSaved [7] totalFailed [0]
2025-05-05 00:01:25,450 [sql-log-1-thread-1] INFO  o.t.s.dao.sql.TbSqlBlockingQueue - Queue-0 [TS Latest] queueSize [0] totalAdded [7] totalSaved [7] totalFailed [0]
2025-05-05 00:01:55,381 [sql-log-1-thread-1] INFO  o.t.s.dao.sql.TbSqlBlockingQueue - Queue-0 [TS] queueSize [0] totalAdded [2] totalSaved [2] totalFailed [0]
2025-05-05 00:01:55,382 [sql-log-1-thread-1] INFO  o.t.s.dao.sql.TbSqlBlockingQueue - Queue-2 [TS] queueSize [0] totalAdded [2] totalSaved [2] totalFailed [0]
2025-05-05 00:01:55,448 [sql-log-1-thread-1] INFO  o.t.s.dao.sql.TbSqlBlockingQueue - Queue-0 [TS Latest] queueSize [0] totalAdded [2] totalSaved [2] totalFailed [0]
2025-05-05 00:01:55,449 [sql-log-1-thread-1] INFO  o.t.s.dao.sql.TbSqlBlockingQueue - Queue-2 [TS Latest] queueSize [0] totalAdded [2] totalSaved [2] totalFailed [0]
2025-05-05 00:02:25,379 [sql-log-1-thread-1] INFO  o.t.s.dao.sql.TbSqlBlockingQueue - Queue-0 [TS] queueSize [0] totalAdded [7] totalSaved [7] totalFailed [0]
2025-05-05 00:02:25,446 [sql-log-1-thread-1] INFO  o.t.s.dao.sql.TbSqlBlockingQueue - Queue-0 [TS Latest] queueSize [0] totalAdded [7] totalSaved [7] totalFailed [0]
2025-05-05 00:02:35,379 [sql-log-1-thread-1] INFO  o.t.s.dao.sql.TbSqlBlockingQueue - Queue-0 [TS] queueSize [0] totalAdded [28] totalSaved [28] totalFailed [0]
2025-05-05 00:02:35,380 [sql-log-1-thread-1] INFO  o.t.s.dao.sql.TbSqlBlockingQueue - Queue-2 [TS] queueSize [0] totalAdded [4] totalSaved [4] totalFailed [0]
2025-05-05 00:02:35,446 [sql-log-1-thread-1] INFO  o.t.s.dao.sql.TbSqlBlockingQueue - Queue-0 [TS Latest] queueSize [0] totalAdded [28] totalSaved [28] totalFailed [0]
2025-05-05 00:02:35,447 [sql-log-1-thread-1] INFO  o.t.s.dao.sql.TbSqlBlockingQueue - Queue-2 [TS Latest] queueSize [0] totalAdded [4] totalSaved [4] totalFailed [0]
2025-05-05 00:02:42,766 [TB-Scheduling-1] INFO  o.t.s.s.queue.TbCoreConsumerStats - Core Stats: totalMsgs = [5] sessionEvents = [0] getAttr = [0] subToAttr = [0] subToRpc = [0] toDevRpc = [0] subInfo = [5] claimDevice = [0] deviceState = [0] subMsgs = [0] deviceConnect = [0] deviceActivity = [0] deviceDisconnect = [0] deviceInactivity = [0] coreNfOther = [0] coreNfCompLfcl = [0] coreNfDevRpcRsp = [0] coreNfNfRlProc = [0] coreNfQueueUpd = [0] coreNfQueueDel = [0] coreNfSubSvc = [0] coreNfSubMgr = [0] coreNfVCRsp = [0] 
2025-05-05 00:02:42,888 [TB-Scheduling-6] INFO  o.t.s.s.q.TbRuleEngineConsumerStats - [Main] Stats: totalMsgs = [5] successfulMsgs = [5] timeoutMsgs = [0] failedMsgs = [0] tmpTimeout = [0] tmpFailed = [0] successfulIterations = [5] failedIterations = [0] 
2025-05-05 00:02:44,448 [sql-log-1-thread-1] INFO  o.t.s.dao.sql.TbSqlBlockingQueue - Queue-0 [Attributes] queueSize [0] totalAdded [4] totalSaved [4] totalFailed [0]
2025-05-05 00:02:44,452 [sql-log-1-thread-1] INFO  o.t.s.dao.sql.TbSqlBlockingQueue - Queue-2 [Attributes] queueSize [0] totalAdded [1] totalSaved [1] totalFailed [0]
2025-05-05 00:02:45,378 [sql-log-1-thread-1] INFO  o.t.s.dao.sql.TbSqlBlockingQueue - Queue-0 [TS] queueSize [0] totalAdded [8] totalSaved [8] totalFailed [0]
2025-05-05 00:02:45,379 [sql-log-1-thread-1] INFO  o.t.s.dao.sql.TbSqlBlockingQueue - Queue-2 [TS] queueSize [0] totalAdded [14] totalSaved [14] totalFailed [0]
2025-05-05 00:02:45,445 [sql-log-1-thread-1] INFO  o.t.s.dao.sql.TbSqlBlockingQueue - Queue-0 [TS Latest] queueSize [0] totalAdded [8] totalSaved [8] totalFailed [0]
2025-05-05 00:02:45,445 [sql-log-1-thread-1] INFO  o.t.s.dao.sql.TbSqlBlockingQueue - Queue-2 [TS Latest] queueSize [0] totalAdded [14] totalSaved [14] totalFailed [0]
2025-05-05 00:02:55,378 [sql-log-1-thread-1] INFO  o.t.s.dao.sql.TbSqlBlockingQueue - Queue-0 [TS] queueSize [0] totalAdded [2] totalSaved [2] totalFailed [0]
2025-05-05 00:02:55,379 [sql-log-1-thread-1] INFO  o.t.s.dao.sql.TbSqlBlockingQueue - Queue-2 [TS] queueSize [0] totalAdded [2] totalSaved [2] totalFailed [0]
2025-05-05 00:02:55,445 [sql-log-1-thread-1] INFO  o.t.s.dao.sql.TbSqlBlockingQueue - Queue-0 [TS Latest] queueSize [0] totalAdded [2] totalSaved [2] totalFailed [0]
2025-05-05 00:02:55,446 [sql-log-1-thread-1] INFO  o.t.s.dao.sql.TbSqlBlockingQueue - Queue-2 [TS Latest] queueSize [0] totalAdded [2] totalSaved [2] totalFailed [0]
2025-05-05 00:03:25,376 [sql-log-1-thread-1] INFO  o.t.s.dao.sql.TbSqlBlockingQueue - Queue-0 [TS] queueSize [0] totalAdded [7] totalSaved [7] totalFailed [0]
2025-05-05 00:03:25,443 [sql-log-1-thread-1] INFO  o.t.s.dao.sql.TbSqlBlockingQueue - Queue-0 [TS Latest] queueSize [0] totalAdded [7] totalSaved [7] totalFailed [0]
2025-05-05 00:03:42,764 [TB-Scheduling-8] INFO  o.t.s.s.queue.TbCoreConsumerStats - Core Stats: totalMsgs = [10] sessionEvents = [0] getAttr = [5] subToAttr = [0] subToRpc = [0] toDevRpc = [0] subInfo = [5] claimDevice = [0] deviceState = [0] subMsgs = [0] deviceConnect = [0] deviceActivity = [0] deviceDisconnect = [0] deviceInactivity = [0] coreNfOther = [0] coreNfCompLfcl = [0] coreNfDevRpcRsp = [0] coreNfNfRlProc = [0] coreNfQueueUpd = [0] coreNfQueueDel = [0] coreNfSubSvc = [0] coreNfSubMgr = [0] coreNfVCRsp = [0] 
2025-05-05 00:03:42,798 [TB-Scheduling-2] INFO  o.t.s.dao.aspect.SqlDaoCallsAspect - Total timing statistics below:
2025-05-05 00:03:42,799 [TB-Scheduling-2] INFO  o.t.s.dao.aspect.SqlDaoCallsAspect - [b21a13d0-293e-11f0-a867-61f7cbe53541]: calls: 15, failures: 0, exec time: 46 
2025-05-05 00:03:42,799 [TB-Scheduling-2] INFO  o.t.s.dao.aspect.SqlDaoCallsAspect - [b21a13d0-293e-11f0-a867-61f7cbe53541] Top 3 methods by timing:
2025-05-05 00:03:42,800 [TB-Scheduling-2] INFO  o.t.s.dao.aspect.SqlDaoCallsAspect - [b21a13d0-293e-11f0-a867-61f7cbe53541]: method: JpaAttributeDao.findAll(..), calls: 15, failures: 0, exec time: 46
2025-05-05 00:03:44,445 [sql-log-1-thread-1] INFO  o.t.s.dao.sql.TbSqlBlockingQueue - Queue-0 [Attributes] queueSize [0] totalAdded [4] totalSaved [4] totalFailed [0]
2025-05-05 00:03:44,446 [sql-log-1-thread-1] INFO  o.t.s.dao.sql.TbSqlBlockingQueue - Queue-2 [Attributes] queueSize [0] totalAdded [1] totalSaved [1] totalFailed [0]
2025-05-05 00:03:45,375 [sql-log-1-thread-1] INFO  o.t.s.dao.sql.TbSqlBlockingQueue - Queue-0 [TS] queueSize [0] totalAdded [4] totalSaved [4] totalFailed [0]
2025-05-05 00:03:45,376 [sql-log-1-thread-1] INFO  o.t.s.dao.sql.TbSqlBlockingQueue - Queue-2 [TS] queueSize [0] totalAdded [4] totalSaved [4] totalFailed [0]
2025-05-05 00:03:45,442 [sql-log-1-thread-1] INFO  o.t.s.dao.sql.TbSqlBlockingQueue - Queue-0 [TS Latest] queueSize [0] totalAdded [4] totalSaved [4] totalFailed [0]
2025-05-05 00:03:45,442 [sql-log-1-thread-1] INFO  o.t.s.dao.sql.TbSqlBlockingQueue - Queue-2 [TS Latest] queueSize [0] totalAdded [4] totalSaved [4] totalFailed [0]
2025-05-05 00:03:55,375 [sql-log-1-thread-1] INFO  o.t.s.dao.sql.TbSqlBlockingQueue - Queue-0 [TS] queueSize [0] totalAdded [2] totalSaved [2] totalFailed [0]
2025-05-05 00:03:55,376 [sql-log-1-thread-1] INFO  o.t.s.dao.sql.TbSqlBlockingQueue - Queue-2 [TS] queueSize [0] totalAdded [2] totalSaved [2] totalFailed [0]
2025-05-05 00:03:55,442 [sql-log-1-thread-1] INFO  o.t.s.dao.sql.TbSqlBlockingQueue - Queue-0 [TS Latest] queueSize [0] totalAdded [2] totalSaved [2] totalFailed [0]
2025-05-05 00:03:55,442 [sql-log-1-thread-1] INFO  o.t.s.dao.sql.TbSqlBlockingQueue - Queue-2 [TS Latest] queueSize [0] totalAdded [2] totalSaved [2] totalFailed [0]
2025-05-05 00:04:12,344 [http-nio-0.0.0.0-9090-exec-2] INFO  o.t.s.c.plugin.TbWebSocketHandler - [b21a13d0-293e-11f0-a867-61f7cbe53541][b2c017d0-293e-11f0-a867-61f7cbe53541][79a8b25a-17a4-4126-a569-994a43822045] Session is closed
2025-05-05 00:04:25,373 [sql-log-1-thread-1] INFO  o.t.s.dao.sql.TbSqlBlockingQueue - Queue-0 [TS] queueSize [0] totalAdded [7] totalSaved [7] totalFailed [0]
2025-05-05 00:04:25,440 [sql-log-1-thread-1] INFO  o.t.s.dao.sql.TbSqlBlockingQueue - Queue-0 [TS Latest] queueSize [0] totalAdded [7] totalSaved [7] totalFailed [0]
2025-05-05 00:04:35,373 [sql-log-1-thread-1] INFO  o.t.s.dao.sql.TbSqlBlockingQueue - Queue-0 [TS] queueSize [0] totalAdded [28] totalSaved [28] totalFailed [0]
2025-05-05 00:04:35,373 [sql-log-1-thread-1] INFO  o.t.s.dao.sql.TbSqlBlockingQueue - Queue-2 [TS] queueSize [0] totalAdded [6] totalSaved [6] totalFailed [0]
2025-05-05 00:04:35,440 [sql-log-1-thread-1] INFO  o.t.s.dao.sql.TbSqlBlockingQueue - Queue-0 [TS Latest] queueSize [0] totalAdded [28] totalSaved [28] totalFailed [0]
2025-05-05 00:04:35,440 [sql-log-1-thread-1] INFO  o.t.s.dao.sql.TbSqlBlockingQueue - Queue-2 [TS Latest] queueSize [0] totalAdded [6] totalSaved [6] totalFailed [0]
2025-05-05 00:04:42,761 [TB-Scheduling-4] INFO  o.t.s.s.queue.TbCoreConsumerStats - Core Stats: totalMsgs = [5] sessionEvents = [0] getAttr = [0] subToAttr = [0] subToRpc = [0] toDevRpc = [0] subInfo = [5] claimDevice = [0] deviceState = [0] subMsgs = [0] deviceConnect = [0] deviceActivity = [0] deviceDisconnect = [0] deviceInactivity = [0] coreNfOther = [0] coreNfCompLfcl = [0] coreNfDevRpcRsp = [0] coreNfNfRlProc = [0] coreNfQueueUpd = [0] coreNfQueueDel = [0] coreNfSubSvc = [0] coreNfSubMgr = [0] coreNfVCRsp = [0] 
2025-05-05 00:04:42,886 [TB-Scheduling-8] INFO  o.t.s.s.q.TbRuleEngineConsumerStats - [Main] Stats: totalMsgs = [5] successfulMsgs = [5] timeoutMsgs = [0] failedMsgs = [0] tmpTimeout = [0] tmpFailed = [0] successfulIterations = [5] failedIterations = [0] 
2025-05-05 00:04:44,441 [sql-log-1-thread-1] INFO  o.t.s.dao.sql.TbSqlBlockingQueue - Queue-0 [Attributes] queueSize [0] totalAdded [4] totalSaved [4] totalFailed [0]
2025-05-05 00:04:44,443 [sql-log-1-thread-1] INFO  o.t.s.dao.sql.TbSqlBlockingQueue - Queue-2 [Attributes] queueSize [0] totalAdded [1] totalSaved [1] totalFailed [0]
2025-05-05 00:04:45,372 [sql-log-1-thread-1] INFO  o.t.s.dao.sql.TbSqlBlockingQueue - Queue-0 [TS] queueSize [0] totalAdded [8] totalSaved [8] totalFailed [0]
2025-05-05 00:04:45,372 [sql-log-1-thread-1] INFO  o.t.s.dao.sql.TbSqlBlockingQueue - Queue-2 [TS] queueSize [0] totalAdded [14] totalSaved [14] totalFailed [0]
2025-05-05 00:04:45,439 [sql-log-1-thread-1] INFO  o.t.s.dao.sql.TbSqlBlockingQueue - Queue-0 [TS Latest] queueSize [0] totalAdded [8] totalSaved [8] totalFailed [0]
2025-05-05 00:04:45,439 [sql-log-1-thread-1] INFO  o.t.s.dao.sql.TbSqlBlockingQueue - Queue-2 [TS Latest] queueSize [0] totalAdded [14] totalSaved [14] totalFailed [0]
2025-05-05 00:04:55,372 [sql-log-1-thread-1] INFO  o.t.s.dao.sql.TbSqlBlockingQueue - Queue-0 [TS] queueSize [0] totalAdded [2] totalSaved [2] totalFailed [0]
2025-05-05 00:04:55,372 [sql-log-1-thread-1] INFO  o.t.s.dao.sql.TbSqlBlockingQueue - Queue-2 [TS] queueSize [0] totalAdded [2] totalSaved [2] totalFailed [0]
2025-05-05 00:04:55,439 [sql-log-1-thread-1] INFO  o.t.s.dao.sql.TbSqlBlockingQueue - Queue-0 [TS Latest] queueSize [0] totalAdded [2] totalSaved [2] totalFailed [0]
2025-05-05 00:04:55,439 [sql-log-1-thread-1] INFO  o.t.s.dao.sql.TbSqlBlockingQueue - Queue-2 [TS Latest] queueSize [0] totalAdded [2] totalSaved [2] totalFailed [0]
2025-05-05 00:05:35,370 [sql-log-1-thread-1] INFO  o.t.s.dao.sql.TbSqlBlockingQueue - Queue-0 [TS] queueSize [0] totalAdded [7] totalSaved [7] totalFailed [0]
2025-05-05 00:05:35,437 [sql-log-1-thread-1] INFO  o.t.s.dao.sql.TbSqlBlockingQueue - Queue-0 [TS Latest] queueSize [0] totalAdded [7] totalSaved [7] totalFailed [0]
2025-05-05 00:05:55,368 [sql-log-1-thread-1] INFO  o.t.s.dao.sql.TbSqlBlockingQueue - Queue-0 [TS] queueSize [0] totalAdded [2] totalSaved [2] totalFailed [0]
2025-05-05 00:05:55,369 [sql-log-1-thread-1] INFO  o.t.s.dao.sql.TbSqlBlockingQueue - Queue-2 [TS] queueSize [0] totalAdded [2] totalSaved [2] totalFailed [0]
2025-05-05 00:05:55,436 [sql-log-1-thread-1] INFO  o.t.s.dao.sql.TbSqlBlockingQueue - Queue-0 [TS Latest] queueSize [0] totalAdded [2] totalSaved [2] totalFailed [0]
2025-05-05 00:05:55,437 [sql-log-1-thread-1] INFO  o.t.s.dao.sql.TbSqlBlockingQueue - Queue-2 [TS Latest] queueSize [0] totalAdded [2] totalSaved [2] totalFailed [0]
2025-05-05 00:06:35,367 [sql-log-1-thread-1] INFO  o.t.s.dao.sql.TbSqlBlockingQueue - Queue-0 [TS] queueSize [0] totalAdded [35] totalSaved [35] totalFailed [0]
2025-05-05 00:06:35,368 [sql-log-1-thread-1] INFO  o.t.s.dao.sql.TbSqlBlockingQueue - Queue-2 [TS] queueSize [0] totalAdded [4] totalSaved [4] totalFailed [0]
2025-05-05 00:06:35,434 [sql-log-1-thread-1] INFO  o.t.s.dao.sql.TbSqlBlockingQueue - Queue-0 [TS Latest] queueSize [0] totalAdded [35] totalSaved [35] totalFailed [0]
2025-05-05 00:06:35,435 [sql-log-1-thread-1] INFO  o.t.s.dao.sql.TbSqlBlockingQueue - Queue-2 [TS Latest] queueSize [0] totalAdded [4] totalSaved [4] totalFailed [0]
2025-05-05 00:06:42,756 [TB-Scheduling-5] INFO  o.t.s.s.queue.TbCoreConsumerStats - Core Stats: totalMsgs = [5] sessionEvents = [0] getAttr = [0] subToAttr = [0] subToRpc = [0] toDevRpc = [0] subInfo = [5] claimDevice = [0] deviceState = [0] subMsgs = [0] deviceConnect = [0] deviceActivity = [0] deviceDisconnect = [0] deviceInactivity = [0] coreNfOther = [0] coreNfCompLfcl = [0] coreNfDevRpcRsp = [0] coreNfNfRlProc = [0] coreNfQueueUpd = [0] coreNfQueueDel = [0] coreNfSubSvc = [0] coreNfSubMgr = [0] coreNfVCRsp = [0] 
2025-05-05 00:06:42,882 [TB-Scheduling-4] INFO  o.t.s.s.q.TbRuleEngineConsumerStats - [Main] Stats: totalMsgs = [5] successfulMsgs = [5] timeoutMsgs = [0] failedMsgs = [0] tmpTimeout = [0] tmpFailed = [0] successfulIterations = [5] failedIterations = [0] 
2025-05-05 00:06:44,435 [sql-log-1-thread-1] INFO  o.t.s.dao.sql.TbSqlBlockingQueue - Queue-0 [Attributes] queueSize [0] totalAdded [4] totalSaved [4] totalFailed [0]
2025-05-05 00:06:44,437 [sql-log-1-thread-1] INFO  o.t.s.dao.sql.TbSqlBlockingQueue - Queue-2 [Attributes] queueSize [0] totalAdded [1] totalSaved [1] totalFailed [0]
2025-05-05 00:06:45,365 [sql-log-1-thread-1] INFO  o.t.s.dao.sql.TbSqlBlockingQueue - Queue-0 [TS] queueSize [0] totalAdded [8] totalSaved [8] totalFailed [0]
2025-05-05 00:06:45,366 [sql-log-1-thread-1] INFO  o.t.s.dao.sql.TbSqlBlockingQueue - Queue-2 [TS] queueSize [0] totalAdded [14] totalSaved [14] totalFailed [0]
2025-05-05 00:06:45,432 [sql-log-1-thread-1] INFO  o.t.s.dao.sql.TbSqlBlockingQueue - Queue-0 [TS Latest] queueSize [0] totalAdded [8] totalSaved [8] totalFailed [0]
2025-05-05 00:06:45,433 [sql-log-1-thread-1] INFO  o.t.s.dao.sql.TbSqlBlockingQueue - Queue-2 [TS Latest] queueSize [0] totalAdded [14] totalSaved [14] totalFailed [0]
2025-05-05 00:06:55,365 [sql-log-1-thread-1] INFO  o.t.s.dao.sql.TbSqlBlockingQueue - Queue-0 [TS] queueSize [0] totalAdded [2] totalSaved [2] totalFailed [0]
2025-05-05 00:06:55,366 [sql-log-1-thread-1] INFO  o.t.s.dao.sql.TbSqlBlockingQueue - Queue-2 [TS] queueSize [0] totalAdded [2] totalSaved [2] totalFailed [0]
2025-05-05 00:06:55,432 [sql-log-1-thread-1] INFO  o.t.s.dao.sql.TbSqlBlockingQueue - Queue-0 [TS Latest] queueSize [0] totalAdded [2] totalSaved [2] totalFailed [0]
2025-05-05 00:06:55,433 [sql-log-1-thread-1] INFO  o.t.s.dao.sql.TbSqlBlockingQueue - Queue-2 [TS Latest] queueSize [0] totalAdded [2] totalSaved [2] totalFailed [0]
2025-05-05 00:07:35,364 [sql-log-1-thread-1] INFO  o.t.s.dao.sql.TbSqlBlockingQueue - Queue-0 [TS] queueSize [0] totalAdded [7] totalSaved [7] totalFailed [0]
2025-05-05 00:07:35,431 [sql-log-1-thread-1] INFO  o.t.s.dao.sql.TbSqlBlockingQueue - Queue-0 [TS Latest] queueSize [0] totalAdded [7] totalSaved [7] totalFailed [0]
2025-05-05 00:07:55,362 [sql-log-1-thread-1] INFO  o.t.s.dao.sql.TbSqlBlockingQueue - Queue-0 [TS] queueSize [0] totalAdded [2] totalSaved [2] totalFailed [0]
2025-05-05 00:07:55,363 [sql-log-1-thread-1] INFO  o.t.s.dao.sql.TbSqlBlockingQueue - Queue-2 [TS] queueSize [0] totalAdded [2] totalSaved [2] totalFailed [0]
2025-05-05 00:07:55,430 [sql-log-1-thread-1] INFO  o.t.s.dao.sql.TbSqlBlockingQueue - Queue-0 [TS Latest] queueSize [0] totalAdded [2] totalSaved [2] totalFailed [0]
2025-05-05 00:07:55,430 [sql-log-1-thread-1] INFO  o.t.s.dao.sql.TbSqlBlockingQueue - Queue-2 [TS Latest] queueSize [0] totalAdded [2] totalSaved [2] totalFailed [0]
2025-05-05 00:08:35,361 [sql-log-1-thread-1] INFO  o.t.s.dao.sql.TbSqlBlockingQueue - Queue-0 [TS] queueSize [0] totalAdded [35] totalSaved [35] totalFailed [0]
2025-05-05 00:08:35,362 [sql-log-1-thread-1] INFO  o.t.s.dao.sql.TbSqlBlockingQueue - Queue-2 [TS] queueSize [0] totalAdded [4] totalSaved [4] totalFailed [0]
2025-05-05 00:08:35,428 [sql-log-1-thread-1] INFO  o.t.s.dao.sql.TbSqlBlockingQueue - Queue-0 [TS Latest] queueSize [0] totalAdded [35] totalSaved [35] totalFailed [0]
2025-05-05 00:08:35,428 [sql-log-1-thread-1] INFO  o.t.s.dao.sql.TbSqlBlockingQueue - Queue-2 [TS Latest] queueSize [0] totalAdded [4] totalSaved [4] totalFailed [0]
2025-05-05 00:08:42,751 [TB-Scheduling-5] INFO  o.t.s.s.queue.TbCoreConsumerStats - Core Stats: totalMsgs = [15] sessionEvents = [0] getAttr = [5] subToAttr = [0] subToRpc = [0] toDevRpc = [0] subInfo = [10] claimDevice = [0] deviceState = [0] subMsgs = [0] deviceConnect = [0] deviceActivity = [0] deviceDisconnect = [0] deviceInactivity = [0] coreNfOther = [0] coreNfCompLfcl = [0] coreNfDevRpcRsp = [0] coreNfNfRlProc = [0] coreNfQueueUpd = [0] coreNfQueueDel = [0] coreNfSubSvc = [0] coreNfSubMgr = [0] coreNfVCRsp = [0] 
2025-05-05 00:08:42,786 [TB-Scheduling-2] INFO  o.t.s.dao.aspect.SqlDaoCallsAspect - Total timing statistics below:
2025-05-05 00:08:42,786 [TB-Scheduling-2] INFO  o.t.s.dao.aspect.SqlDaoCallsAspect - [b21a13d0-293e-11f0-a867-61f7cbe53541]: calls: 15, failures: 0, exec time: 42 
2025-05-05 00:08:42,786 [TB-Scheduling-2] INFO  o.t.s.dao.aspect.SqlDaoCallsAspect - [b21a13d0-293e-11f0-a867-61f7cbe53541] Top 3 methods by timing:
2025-05-05 00:08:42,786 [TB-Scheduling-2] INFO  o.t.s.dao.aspect.SqlDaoCallsAspect - [b21a13d0-293e-11f0-a867-61f7cbe53541]: method: JpaAttributeDao.findAll(..), calls: 15, failures: 0, exec time: 42
2025-05-05 00:08:42,877 [TB-Scheduling-4] INFO  o.t.s.s.q.TbRuleEngineConsumerStats - [Main] Stats: totalMsgs = [5] successfulMsgs = [5] timeoutMsgs = [0] failedMsgs = [0] tmpTimeout = [0] tmpFailed = [0] successfulIterations = [5] failedIterations = [0] 
2025-05-05 00:08:44,429 [sql-log-1-thread-1] INFO  o.t.s.dao.sql.TbSqlBlockingQueue - Queue-0 [Attributes] queueSize [0] totalAdded [7] totalSaved [7] totalFailed [0]
2025-05-05 00:08:44,431 [sql-log-1-thread-1] INFO  o.t.s.dao.sql.TbSqlBlockingQueue - Queue-2 [Attributes] queueSize [0] totalAdded [2] totalSaved [2] totalFailed [0]
2025-05-05 00:08:45,359 [sql-log-1-thread-1] INFO  o.t.s.dao.sql.TbSqlBlockingQueue - Queue-0 [TS] queueSize [0] totalAdded [8] totalSaved [8] totalFailed [0]
2025-05-05 00:08:45,360 [sql-log-1-thread-1] INFO  o.t.s.dao.sql.TbSqlBlockingQueue - Queue-2 [TS] queueSize [0] totalAdded [14] totalSaved [14] totalFailed [0]
2025-05-05 00:08:45,426 [sql-log-1-thread-1] INFO  o.t.s.dao.sql.TbSqlBlockingQueue - Queue-0 [TS Latest] queueSize [0] totalAdded [8] totalSaved [8] totalFailed [0]
2025-05-05 00:08:45,427 [sql-log-1-thread-1] INFO  o.t.s.dao.sql.TbSqlBlockingQueue - Queue-2 [TS Latest] queueSize [0] totalAdded [14] totalSaved [14] totalFailed [0]
2025-05-05 00:08:55,359 [sql-log-1-thread-1] INFO  o.t.s.dao.sql.TbSqlBlockingQueue - Queue-0 [TS] queueSize [0] totalAdded [2] totalSaved [2] totalFailed [0]
2025-05-05 00:08:55,360 [sql-log-1-thread-1] INFO  o.t.s.dao.sql.TbSqlBlockingQueue - Queue-2 [TS] queueSize [0] totalAdded [2] totalSaved [2] totalFailed [0]
2025-05-05 00:08:55,426 [sql-log-1-thread-1] INFO  o.t.s.dao.sql.TbSqlBlockingQueue - Queue-0 [TS Latest] queueSize [0] totalAdded [2] totalSaved [2] totalFailed [0]
2025-05-05 00:08:55,428 [sql-log-1-thread-1] INFO  o.t.s.dao.sql.TbSqlBlockingQueue - Queue-2 [TS Latest] queueSize [0] totalAdded [2] totalSaved [2] totalFailed [0]
2025-05-05 00:09:35,358 [sql-log-1-thread-1] INFO  o.t.s.dao.sql.TbSqlBlockingQueue - Queue-0 [TS] queueSize [0] totalAdded [7] totalSaved [7] totalFailed [0]
2025-05-05 00:09:35,425 [sql-log-1-thread-1] INFO  o.t.s.dao.sql.TbSqlBlockingQueue - Queue-0 [TS Latest] queueSize [0] totalAdded [7] totalSaved [7] totalFailed [0]
2025-05-05 00:09:55,356 [sql-log-1-thread-1] INFO  o.t.s.dao.sql.TbSqlBlockingQueue - Queue-0 [TS] queueSize [0] totalAdded [2] totalSaved [2] totalFailed [0]
2025-05-05 00:09:55,357 [sql-log-1-thread-1] INFO  o.t.s.dao.sql.TbSqlBlockingQueue - Queue-2 [TS] queueSize [0] totalAdded [2] totalSaved [2] totalFailed [0]
2025-05-05 00:09:55,423 [sql-log-1-thread-1] INFO  o.t.s.dao.sql.TbSqlBlockingQueue - Queue-0 [TS Latest] queueSize [0] totalAdded [2] totalSaved [2] totalFailed [0]
2025-05-05 00:09:55,424 [sql-log-1-thread-1] INFO  o.t.s.dao.sql.TbSqlBlockingQueue - Queue-2 [TS Latest] queueSize [0] totalAdded [2] totalSaved [2] totalFailed [0]
2025-05-05 00:10:35,355 [sql-log-1-thread-1] INFO  o.t.s.dao.sql.TbSqlBlockingQueue - Queue-0 [TS] queueSize [0] totalAdded [35] totalSaved [35] totalFailed [0]
2025-05-05 00:10:35,358 [sql-log-1-thread-1] INFO  o.t.s.dao.sql.TbSqlBlockingQueue - Queue-2 [TS] queueSize [0] totalAdded [4] totalSaved [4] totalFailed [0]
2025-05-05 00:10:35,422 [sql-log-1-thread-1] INFO  o.t.s.dao.sql.TbSqlBlockingQueue - Queue-0 [TS Latest] queueSize [0] totalAdded [35] totalSaved [35] totalFailed [0]
2025-05-05 00:10:35,423 [sql-log-1-thread-1] INFO  o.t.s.dao.sql.TbSqlBlockingQueue - Queue-2 [TS Latest] queueSize [0] totalAdded [4] totalSaved [4] totalFailed [0]
2025-05-05 00:10:42,746 [TB-Scheduling-8] INFO  o.t.s.s.queue.TbCoreConsumerStats - Core Stats: totalMsgs = [5] sessionEvents = [0] getAttr = [0] subToAttr = [0] subToRpc = [0] toDevRpc = [0] subInfo = [5] claimDevice = [0] deviceState = [0] subMsgs = [0] deviceConnect = [0] deviceActivity = [0] deviceDisconnect = [0] deviceInactivity = [0] coreNfOther = [0] coreNfCompLfcl = [0] coreNfDevRpcRsp = [0] coreNfNfRlProc = [0] coreNfQueueUpd = [0] coreNfQueueDel = [0] coreNfSubSvc = [0] coreNfSubMgr = [0] coreNfVCRsp = [0] 
2025-05-05 00:10:42,872 [TB-Scheduling-6] INFO  o.t.s.s.q.TbRuleEngineConsumerStats - [Main] Stats: totalMsgs = [5] successfulMsgs = [5] timeoutMsgs = [0] failedMsgs = [0] tmpTimeout = [0] tmpFailed = [0] successfulIterations = [5] failedIterations = [0] 
2025-05-05 00:10:44,423 [sql-log-1-thread-1] INFO  o.t.s.dao.sql.TbSqlBlockingQueue - Queue-0 [Attributes] queueSize [0] totalAdded [4] totalSaved [4] totalFailed [0]
2025-05-05 00:10:44,425 [sql-log-1-thread-1] INFO  o.t.s.dao.sql.TbSqlBlockingQueue - Queue-2 [Attributes] queueSize [0] totalAdded [1] totalSaved [1] totalFailed [0]
2025-05-05 00:10:45,353 [sql-log-1-thread-1] INFO  o.t.s.dao.sql.TbSqlBlockingQueue - Queue-0 [TS] queueSize [0] totalAdded [8] totalSaved [8] totalFailed [0]
2025-05-05 00:10:45,354 [sql-log-1-thread-1] INFO  o.t.s.dao.sql.TbSqlBlockingQueue - Queue-2 [TS] queueSize [0] totalAdded [14] totalSaved [14] totalFailed [0]
2025-05-05 00:10:45,421 [sql-log-1-thread-1] INFO  o.t.s.dao.sql.TbSqlBlockingQueue - Queue-0 [TS Latest] queueSize [0] totalAdded [8] totalSaved [8] totalFailed [0]
2025-05-05 00:10:45,422 [sql-log-1-thread-1] INFO  o.t.s.dao.sql.TbSqlBlockingQueue - Queue-2 [TS Latest] queueSize [0] totalAdded [14] totalSaved [14] totalFailed [0]
2025-05-05 00:10:55,354 [sql-log-1-thread-1] INFO  o.t.s.dao.sql.TbSqlBlockingQueue - Queue-0 [TS] queueSize [0] totalAdded [2] totalSaved [2] totalFailed [0]
2025-05-05 00:10:55,354 [sql-log-1-thread-1] INFO  o.t.s.dao.sql.TbSqlBlockingQueue - Queue-2 [TS] queueSize [0] totalAdded [2] totalSaved [2] totalFailed [0]
2025-05-05 00:10:55,421 [sql-log-1-thread-1] INFO  o.t.s.dao.sql.TbSqlBlockingQueue - Queue-0 [TS Latest] queueSize [0] totalAdded [2] totalSaved [2] totalFailed [0]
2025-05-05 00:10:55,421 [sql-log-1-thread-1] INFO  o.t.s.dao.sql.TbSqlBlockingQueue - Queue-2 [TS Latest] queueSize [0] totalAdded [2] totalSaved [2] totalFailed [0]
2025-05-05 00:11:35,351 [sql-log-1-thread-1] INFO  o.t.s.dao.sql.TbSqlBlockingQueue - Queue-0 [TS] queueSize [0] totalAdded [7] totalSaved [7] totalFailed [0]
2025-05-05 00:11:35,418 [sql-log-1-thread-1] INFO  o.t.s.dao.sql.TbSqlBlockingQueue - Queue-0 [TS Latest] queueSize [0] totalAdded [7] totalSaved [7] totalFailed [0]
2025-05-05 00:11:55,349 [sql-log-1-thread-1] INFO  o.t.s.dao.sql.TbSqlBlockingQueue - Queue-0 [TS] queueSize [0] totalAdded [2] totalSaved [2] totalFailed [0]
2025-05-05 00:11:55,350 [sql-log-1-thread-1] INFO  o.t.s.dao.sql.TbSqlBlockingQueue - Queue-2 [TS] queueSize [0] totalAdded [2] totalSaved [2] totalFailed [0]
2025-05-05 00:11:55,417 [sql-log-1-thread-1] INFO  o.t.s.dao.sql.TbSqlBlockingQueue - Queue-0 [TS Latest] queueSize [0] totalAdded [2] totalSaved [2] totalFailed [0]
2025-05-05 00:11:55,417 [sql-log-1-thread-1] INFO  o.t.s.dao.sql.TbSqlBlockingQueue - Queue-2 [TS Latest] queueSize [0] totalAdded [2] totalSaved [2] totalFailed [0]
2025-05-05 00:12:35,348 [sql-log-1-thread-1] INFO  o.t.s.dao.sql.TbSqlBlockingQueue - Queue-0 [TS] queueSize [0] totalAdded [35] totalSaved [35] totalFailed [0]
2025-05-05 00:12:35,349 [sql-log-1-thread-1] INFO  o.t.s.dao.sql.TbSqlBlockingQueue - Queue-2 [TS] queueSize [0] totalAdded [4] totalSaved [4] totalFailed [0]
2025-05-05 00:12:35,415 [sql-log-1-thread-1] INFO  o.t.s.dao.sql.TbSqlBlockingQueue - Queue-0 [TS Latest] queueSize [0] totalAdded [35] totalSaved [35] totalFailed [0]
2025-05-05 00:12:35,416 [sql-log-1-thread-1] INFO  o.t.s.dao.sql.TbSqlBlockingQueue - Queue-2 [TS Latest] queueSize [0] totalAdded [4] totalSaved [4] totalFailed [0]
2025-05-05 00:12:42,741 [TB-Scheduling-6] INFO  o.t.s.s.queue.TbCoreConsumerStats - Core Stats: totalMsgs = [5] sessionEvents = [0] getAttr = [0] subToAttr = [0] subToRpc = [0] toDevRpc = [0] subInfo = [5] claimDevice = [0] deviceState = [0] subMsgs = [0] deviceConnect = [0] deviceActivity = [0] deviceDisconnect = [0] deviceInactivity = [0] coreNfOther = [0] coreNfCompLfcl = [0] coreNfDevRpcRsp = [0] coreNfNfRlProc = [0] coreNfQueueUpd = [0] coreNfQueueDel = [0] coreNfSubSvc = [0] coreNfSubMgr = [0] coreNfVCRsp = [0] 
2025-05-05 00:12:42,867 [TB-Scheduling-2] INFO  o.t.s.s.q.TbRuleEngineConsumerStats - [Main] Stats: totalMsgs = [5] successfulMsgs = [5] timeoutMsgs = [0] failedMsgs = [0] tmpTimeout = [0] tmpFailed = [0] successfulIterations = [5] failedIterations = [0] 
2025-05-05 00:12:44,416 [sql-log-1-thread-1] INFO  o.t.s.dao.sql.TbSqlBlockingQueue - Queue-0 [Attributes] queueSize [0] totalAdded [4] totalSaved [4] totalFailed [0]
2025-05-05 00:12:44,418 [sql-log-1-thread-1] INFO  o.t.s.dao.sql.TbSqlBlockingQueue - Queue-2 [Attributes] queueSize [0] totalAdded [1] totalSaved [1] totalFailed [0]
2025-05-05 00:12:45,347 [sql-log-1-thread-1] INFO  o.t.s.dao.sql.TbSqlBlockingQueue - Queue-0 [TS] queueSize [0] totalAdded [8] totalSaved [8] totalFailed [0]
2025-05-05 00:12:45,347 [sql-log-1-thread-1] INFO  o.t.s.dao.sql.TbSqlBlockingQueue - Queue-2 [TS] queueSize [0] totalAdded [14] totalSaved [14] totalFailed [0]
2025-05-05 00:12:45,414 [sql-log-1-thread-1] INFO  o.t.s.dao.sql.TbSqlBlockingQueue - Queue-0 [TS Latest] queueSize [0] totalAdded [8] totalSaved [8] totalFailed [0]
2025-05-05 00:12:45,414 [sql-log-1-thread-1] INFO  o.t.s.dao.sql.TbSqlBlockingQueue - Queue-2 [TS Latest] queueSize [0] totalAdded [14] totalSaved [14] totalFailed [0]
2025-05-05 00:12:55,347 [sql-log-1-thread-1] INFO  o.t.s.dao.sql.TbSqlBlockingQueue - Queue-0 [TS] queueSize [0] totalAdded [2] totalSaved [2] totalFailed [0]
2025-05-05 00:12:55,347 [sql-log-1-thread-1] INFO  o.t.s.dao.sql.TbSqlBlockingQueue - Queue-2 [TS] queueSize [0] totalAdded [2] totalSaved [2] totalFailed [0]
2025-05-05 00:12:55,414 [sql-log-1-thread-1] INFO  o.t.s.dao.sql.TbSqlBlockingQueue - Queue-0 [TS Latest] queueSize [0] totalAdded [2] totalSaved [2] totalFailed [0]
2025-05-05 00:12:55,414 [sql-log-1-thread-1] INFO  o.t.s.dao.sql.TbSqlBlockingQueue - Queue-2 [TS Latest] queueSize [0] totalAdded [2] totalSaved [2] totalFailed [0]
2025-05-05 00:13:35,345 [sql-log-1-thread-1] INFO  o.t.s.dao.sql.TbSqlBlockingQueue - Queue-0 [TS] queueSize [0] totalAdded [7] totalSaved [7] totalFailed [0]
2025-05-05 00:13:35,412 [sql-log-1-thread-1] INFO  o.t.s.dao.sql.TbSqlBlockingQueue - Queue-0 [TS Latest] queueSize [0] totalAdded [7] totalSaved [7] totalFailed [0]
2025-05-05 00:13:42,740 [TB-Scheduling-3] INFO  o.t.s.s.queue.TbCoreConsumerStats - Core Stats: totalMsgs = [10] sessionEvents = [0] getAttr = [5] subToAttr = [0] subToRpc = [0] toDevRpc = [0] subInfo = [5] claimDevice = [0] deviceState = [0] subMsgs = [0] deviceConnect = [0] deviceActivity = [0] deviceDisconnect = [0] deviceInactivity = [0] coreNfOther = [0] coreNfCompLfcl = [0] coreNfDevRpcRsp = [0] coreNfNfRlProc = [0] coreNfQueueUpd = [0] coreNfQueueDel = [0] coreNfSubSvc = [0] coreNfSubMgr = [0] coreNfVCRsp = [0] 
2025-05-05 00:13:42,773 [TB-Scheduling-2] INFO  o.t.s.dao.aspect.SqlDaoCallsAspect - Total timing statistics below:
2025-05-05 00:13:42,774 [TB-Scheduling-2] INFO  o.t.s.dao.aspect.SqlDaoCallsAspect - [b21a13d0-293e-11f0-a867-61f7cbe53541]: calls: 15, failures: 0, exec time: 60 
2025-05-05 00:13:42,774 [TB-Scheduling-2] INFO  o.t.s.dao.aspect.SqlDaoCallsAspect - [b21a13d0-293e-11f0-a867-61f7cbe53541] Top 3 methods by timing:
2025-05-05 00:13:42,774 [TB-Scheduling-2] INFO  o.t.s.dao.aspect.SqlDaoCallsAspect - [b21a13d0-293e-11f0-a867-61f7cbe53541]: method: JpaAttributeDao.findAll(..), calls: 15, failures: 0, exec time: 60
2025-05-05 00:13:44,414 [sql-log-1-thread-1] INFO  o.t.s.dao.sql.TbSqlBlockingQueue - Queue-0 [Attributes] queueSize [0] totalAdded [4] totalSaved [4] totalFailed [0]
2025-05-05 00:13:44,415 [sql-log-1-thread-1] INFO  o.t.s.dao.sql.TbSqlBlockingQueue - Queue-2 [Attributes] queueSize [0] totalAdded [1] totalSaved [1] totalFailed [0]
2025-05-05 00:13:45,344 [sql-log-1-thread-1] INFO  o.t.s.dao.sql.TbSqlBlockingQueue - Queue-0 [TS] queueSize [0] totalAdded [4] totalSaved [4] totalFailed [0]
2025-05-05 00:13:45,345 [sql-log-1-thread-1] INFO  o.t.s.dao.sql.TbSqlBlockingQueue - Queue-2 [TS] queueSize [0] totalAdded [4] totalSaved [4] totalFailed [0]
2025-05-05 00:13:45,411 [sql-log-1-thread-1] INFO  o.t.s.dao.sql.TbSqlBlockingQueue - Queue-0 [TS Latest] queueSize [0] totalAdded [4] totalSaved [4] totalFailed [0]
2025-05-05 00:13:45,412 [sql-log-1-thread-1] INFO  o.t.s.dao.sql.TbSqlBlockingQueue - Queue-2 [TS Latest] queueSize [0] totalAdded [4] totalSaved [4] totalFailed [0]
2025-05-05 00:13:55,344 [sql-log-1-thread-1] INFO  o.t.s.dao.sql.TbSqlBlockingQueue - Queue-0 [TS] queueSize [0] totalAdded [2] totalSaved [2] totalFailed [0]
2025-05-05 00:13:55,346 [sql-log-1-thread-1] INFO  o.t.s.dao.sql.TbSqlBlockingQueue - Queue-2 [TS] queueSize [0] totalAdded [2] totalSaved [2] totalFailed [0]
2025-05-05 00:13:55,411 [sql-log-1-thread-1] INFO  o.t.s.dao.sql.TbSqlBlockingQueue - Queue-0 [TS Latest] queueSize [0] totalAdded [2] totalSaved [2] totalFailed [0]
2025-05-05 00:13:55,411 [sql-log-1-thread-1] INFO  o.t.s.dao.sql.TbSqlBlockingQueue - Queue-2 [TS Latest] queueSize [0] totalAdded [2] totalSaved [2] totalFailed [0]
2025-05-05 00:14:35,342 [sql-log-1-thread-1] INFO  o.t.s.dao.sql.TbSqlBlockingQueue - Queue-0 [TS] queueSize [0] totalAdded [35] totalSaved [35] totalFailed [0]
2025-05-05 00:14:35,343 [sql-log-1-thread-1] INFO  o.t.s.dao.sql.TbSqlBlockingQueue - Queue-2 [TS] queueSize [0] totalAdded [4] totalSaved [4] totalFailed [0]
2025-05-05 00:14:35,409 [sql-log-1-thread-1] INFO  o.t.s.dao.sql.TbSqlBlockingQueue - Queue-0 [TS Latest] queueSize [0] totalAdded [35] totalSaved [35] totalFailed [0]
2025-05-05 00:14:35,409 [sql-log-1-thread-1] INFO  o.t.s.dao.sql.TbSqlBlockingQueue - Queue-2 [TS Latest] queueSize [0] totalAdded [4] totalSaved [4] totalFailed [0]
2025-05-05 00:14:42,737 [TB-Scheduling-3] INFO  o.t.s.s.queue.TbCoreConsumerStats - Core Stats: totalMsgs = [5] sessionEvents = [0] getAttr = [0] subToAttr = [0] subToRpc = [0] toDevRpc = [0] subInfo = [5] claimDevice = [0] deviceState = [0] subMsgs = [0] deviceConnect = [0] deviceActivity = [0] deviceDisconnect = [0] deviceInactivity = [0] coreNfOther = [0] coreNfCompLfcl = [0] coreNfDevRpcRsp = [0] coreNfNfRlProc = [0] coreNfQueueUpd = [0] coreNfQueueDel = [0] coreNfSubSvc = [0] coreNfSubMgr = [0] coreNfVCRsp = [0] 
2025-05-05 00:14:42,863 [TB-Scheduling-4] INFO  o.t.s.s.q.TbRuleEngineConsumerStats - [Main] Stats: totalMsgs = [5] successfulMsgs = [5] timeoutMsgs = [0] failedMsgs = [0] tmpTimeout = [0] tmpFailed = [0] successfulIterations = [5] failedIterations = [0] 
2025-05-05 00:14:44,410 [sql-log-1-thread-1] INFO  o.t.s.dao.sql.TbSqlBlockingQueue - Queue-0 [Attributes] queueSize [0] totalAdded [4] totalSaved [4] totalFailed [0]
2025-05-05 00:14:44,412 [sql-log-1-thread-1] INFO  o.t.s.dao.sql.TbSqlBlockingQueue - Queue-2 [Attributes] queueSize [0] totalAdded [1] totalSaved [1] totalFailed [0]
2025-05-05 00:14:45,340 [sql-log-1-thread-1] INFO  o.t.s.dao.sql.TbSqlBlockingQueue - Queue-0 [TS] queueSize [0] totalAdded [8] totalSaved [8] totalFailed [0]
2025-05-05 00:14:45,341 [sql-log-1-thread-1] INFO  o.t.s.dao.sql.TbSqlBlockingQueue - Queue-2 [TS] queueSize [0] totalAdded [14] totalSaved [14] totalFailed [0]
2025-05-05 00:14:45,408 [sql-log-1-thread-1] INFO  o.t.s.dao.sql.TbSqlBlockingQueue - Queue-0 [TS Latest] queueSize [0] totalAdded [8] totalSaved [8] totalFailed [0]
2025-05-05 00:14:45,409 [sql-log-1-thread-1] INFO  o.t.s.dao.sql.TbSqlBlockingQueue - Queue-2 [TS Latest] queueSize [0] totalAdded [14] totalSaved [14] totalFailed [0]
2025-05-05 00:14:55,340 [sql-log-1-thread-1] INFO  o.t.s.dao.sql.TbSqlBlockingQueue - Queue-0 [TS] queueSize [0] totalAdded [2] totalSaved [2] totalFailed [0]
2025-05-05 00:14:55,342 [sql-log-1-thread-1] INFO  o.t.s.dao.sql.TbSqlBlockingQueue - Queue-2 [TS] queueSize [0] totalAdded [2] totalSaved [2] totalFailed [0]
2025-05-05 00:14:55,408 [sql-log-1-thread-1] INFO  o.t.s.dao.sql.TbSqlBlockingQueue - Queue-0 [TS Latest] queueSize [0] totalAdded [2] totalSaved [2] totalFailed [0]
2025-05-05 00:14:55,409 [sql-log-1-thread-1] INFO  o.t.s.dao.sql.TbSqlBlockingQueue - Queue-2 [TS Latest] queueSize [0] totalAdded [2] totalSaved [2] totalFailed [0]
2025-05-05 00:15:45,337 [sql-log-1-thread-1] INFO  o.t.s.dao.sql.TbSqlBlockingQueue - Queue-0 [TS] queueSize [0] totalAdded [7] totalSaved [7] totalFailed [0]
2025-05-05 00:15:45,404 [sql-log-1-thread-1] INFO  o.t.s.dao.sql.TbSqlBlockingQueue - Queue-0 [TS Latest] queueSize [0] totalAdded [7] totalSaved [7] totalFailed [0]
2025-05-05 00:15:55,337 [sql-log-1-thread-1] INFO  o.t.s.dao.sql.TbSqlBlockingQueue - Queue-0 [TS] queueSize [0] totalAdded [2] totalSaved [2] totalFailed [0]
2025-05-05 00:15:55,338 [sql-log-1-thread-1] INFO  o.t.s.dao.sql.TbSqlBlockingQueue - Queue-2 [TS] queueSize [0] totalAdded [2] totalSaved [2] totalFailed [0]
2025-05-05 00:15:55,404 [sql-log-1-thread-1] INFO  o.t.s.dao.sql.TbSqlBlockingQueue - Queue-0 [TS Latest] queueSize [0] totalAdded [2] totalSaved [2] totalFailed [0]
2025-05-05 00:15:55,405 [sql-log-1-thread-1] INFO  o.t.s.dao.sql.TbSqlBlockingQueue - Queue-2 [TS Latest] queueSize [0] totalAdded [2] totalSaved [2] totalFailed [0]
2025-05-05 00:16:35,336 [sql-log-1-thread-1] INFO  o.t.s.dao.sql.TbSqlBlockingQueue - Queue-0 [TS] queueSize [0] totalAdded [28] totalSaved [28] totalFailed [0]
2025-05-05 00:16:35,337 [sql-log-1-thread-1] INFO  o.t.s.dao.sql.TbSqlBlockingQueue - Queue-2 [TS] queueSize [0] totalAdded [4] totalSaved [4] totalFailed [0]
2025-05-05 00:16:35,403 [sql-log-1-thread-1] INFO  o.t.s.dao.sql.TbSqlBlockingQueue - Queue-0 [TS Latest] queueSize [0] totalAdded [28] totalSaved [28] totalFailed [0]
2025-05-05 00:16:35,404 [sql-log-1-thread-1] INFO  o.t.s.dao.sql.TbSqlBlockingQueue - Queue-2 [TS Latest] queueSize [0] totalAdded [4] totalSaved [4] totalFailed [0]
2025-05-05 00:16:42,732 [TB-Scheduling-3] INFO  o.t.s.s.queue.TbCoreConsumerStats - Core Stats: totalMsgs = [5] sessionEvents = [0] getAttr = [0] subToAttr = [0] subToRpc = [0] toDevRpc = [0] subInfo = [5] claimDevice = [0] deviceState = [0] subMsgs = [0] deviceConnect = [0] deviceActivity = [0] deviceDisconnect = [0] deviceInactivity = [0] coreNfOther = [0] coreNfCompLfcl = [0] coreNfDevRpcRsp = [0] coreNfNfRlProc = [0] coreNfQueueUpd = [0] coreNfQueueDel = [0] coreNfSubSvc = [0] coreNfSubMgr = [0] coreNfVCRsp = [0] 
2025-05-05 00:16:42,858 [TB-Scheduling-2] INFO  o.t.s.s.q.TbRuleEngineConsumerStats - [Main] Stats: totalMsgs = [5] successfulMsgs = [5] timeoutMsgs = [0] failedMsgs = [0] tmpTimeout = [0] tmpFailed = [0] successfulIterations = [5] failedIterations = [0] 
2025-05-05 00:16:44,404 [sql-log-1-thread-1] INFO  o.t.s.dao.sql.TbSqlBlockingQueue - Queue-0 [Attributes] queueSize [0] totalAdded [4] totalSaved [4] totalFailed [0]
2025-05-05 00:16:44,406 [sql-log-1-thread-1] INFO  o.t.s.dao.sql.TbSqlBlockingQueue - Queue-2 [Attributes] queueSize [0] totalAdded [1] totalSaved [1] totalFailed [0]
2025-05-05 00:16:45,334 [sql-log-1-thread-1] INFO  o.t.s.dao.sql.TbSqlBlockingQueue - Queue-0 [TS] queueSize [0] totalAdded [15] totalSaved [15] totalFailed [0]
2025-05-05 00:16:45,335 [sql-log-1-thread-1] INFO  o.t.s.dao.sql.TbSqlBlockingQueue - Queue-2 [TS] queueSize [0] totalAdded [14] totalSaved [14] totalFailed [0]
2025-05-05 00:16:45,401 [sql-log-1-thread-1] INFO  o.t.s.dao.sql.TbSqlBlockingQueue - Queue-0 [TS Latest] queueSize [0] totalAdded [15] totalSaved [15] totalFailed [0]
2025-05-05 00:16:45,402 [sql-log-1-thread-1] INFO  o.t.s.dao.sql.TbSqlBlockingQueue - Queue-2 [TS Latest] queueSize [0] totalAdded [14] totalSaved [14] totalFailed [0]
2025-05-05 00:16:55,334 [sql-log-1-thread-1] INFO  o.t.s.dao.sql.TbSqlBlockingQueue - Queue-0 [TS] queueSize [0] totalAdded [2] totalSaved [2] totalFailed [0]
2025-05-05 00:16:55,335 [sql-log-1-thread-1] INFO  o.t.s.dao.sql.TbSqlBlockingQueue - Queue-2 [TS] queueSize [0] totalAdded [2] totalSaved [2] totalFailed [0]
2025-05-05 00:16:55,401 [sql-log-1-thread-1] INFO  o.t.s.dao.sql.TbSqlBlockingQueue - Queue-0 [TS Latest] queueSize [0] totalAdded [2] totalSaved [2] totalFailed [0]
2025-05-05 00:16:55,402 [sql-log-1-thread-1] INFO  o.t.s.dao.sql.TbSqlBlockingQueue - Queue-2 [TS Latest] queueSize [0] totalAdded [2] totalSaved [2] totalFailed [0]
2025-05-05 00:17:45,331 [sql-log-1-thread-1] INFO  o.t.s.dao.sql.TbSqlBlockingQueue - Queue-0 [TS] queueSize [0] totalAdded [7] totalSaved [7] totalFailed [0]
2025-05-05 00:17:45,399 [sql-log-1-thread-1] INFO  o.t.s.dao.sql.TbSqlBlockingQueue - Queue-0 [TS Latest] queueSize [0] totalAdded [7] totalSaved [7] totalFailed [0]
2025-05-05 00:17:55,331 [sql-log-1-thread-1] INFO  o.t.s.dao.sql.TbSqlBlockingQueue - Queue-0 [TS] queueSize [0] totalAdded [2] totalSaved [2] totalFailed [0]
2025-05-05 00:17:55,332 [sql-log-1-thread-1] INFO  o.t.s.dao.sql.TbSqlBlockingQueue - Queue-2 [TS] queueSize [0] totalAdded [2] totalSaved [2] totalFailed [0]
2025-05-05 00:17:55,399 [sql-log-1-thread-1] INFO  o.t.s.dao.sql.TbSqlBlockingQueue - Queue-0 [TS Latest] queueSize [0] totalAdded [2] totalSaved [2] totalFailed [0]
2025-05-05 00:17:55,399 [sql-log-1-thread-1] INFO  o.t.s.dao.sql.TbSqlBlockingQueue - Queue-2 [TS Latest] queueSize [0] totalAdded [2] totalSaved [2] totalFailed [0]
2025-05-05 00:18:35,329 [sql-log-1-thread-1] INFO  o.t.s.dao.sql.TbSqlBlockingQueue - Queue-0 [TS] queueSize [0] totalAdded [28] totalSaved [28] totalFailed [0]
2025-05-05 00:18:35,330 [sql-log-1-thread-1] INFO  o.t.s.dao.sql.TbSqlBlockingQueue - Queue-2 [TS] queueSize [0] totalAdded [4] totalSaved [4] totalFailed [0]
2025-05-05 00:18:35,397 [sql-log-1-thread-1] INFO  o.t.s.dao.sql.TbSqlBlockingQueue - Queue-0 [TS Latest] queueSize [0] totalAdded [28] totalSaved [28] totalFailed [0]
2025-05-05 00:18:35,397 [sql-log-1-thread-1] INFO  o.t.s.dao.sql.TbSqlBlockingQueue - Queue-2 [TS Latest] queueSize [0] totalAdded [4] totalSaved [4] totalFailed [0]
2025-05-05 00:18:42,728 [TB-Scheduling-5] INFO  o.t.s.s.queue.TbCoreConsumerStats - Core Stats: totalMsgs = [15] sessionEvents = [0] getAttr = [5] subToAttr = [0] subToRpc = [0] toDevRpc = [0] subInfo = [10] claimDevice = [0] deviceState = [0] subMsgs = [0] deviceConnect = [0] deviceActivity = [0] deviceDisconnect = [0] deviceInactivity = [0] coreNfOther = [0] coreNfCompLfcl = [0] coreNfDevRpcRsp = [0] coreNfNfRlProc = [0] coreNfQueueUpd = [0] coreNfQueueDel = [0] coreNfSubSvc = [0] coreNfSubMgr = [0] coreNfVCRsp = [0] 
2025-05-05 00:18:42,761 [TB-Scheduling-4] INFO  o.t.s.dao.aspect.SqlDaoCallsAspect - Total timing statistics below:
2025-05-05 00:18:42,761 [TB-Scheduling-4] INFO  o.t.s.dao.aspect.SqlDaoCallsAspect - [b21a13d0-293e-11f0-a867-61f7cbe53541]: calls: 15, failures: 0, exec time: 51 
2025-05-05 00:18:42,761 [TB-Scheduling-4] INFO  o.t.s.dao.aspect.SqlDaoCallsAspect - [b21a13d0-293e-11f0-a867-61f7cbe53541] Top 3 methods by timing:
2025-05-05 00:18:42,761 [TB-Scheduling-4] INFO  o.t.s.dao.aspect.SqlDaoCallsAspect - [b21a13d0-293e-11f0-a867-61f7cbe53541]: method: JpaAttributeDao.findAll(..), calls: 15, failures: 0, exec time: 51
2025-05-05 00:18:42,853 [TB-Scheduling-7] INFO  o.t.s.s.q.TbRuleEngineConsumerStats - [Main] Stats: totalMsgs = [5] successfulMsgs = [5] timeoutMsgs = [0] failedMsgs = [0] tmpTimeout = [0] tmpFailed = [0] successfulIterations = [5] failedIterations = [0] 
2025-05-05 00:18:44,398 [sql-log-1-thread-1] INFO  o.t.s.dao.sql.TbSqlBlockingQueue - Queue-0 [Attributes] queueSize [0] totalAdded [7] totalSaved [7] totalFailed [0]
2025-05-05 00:18:44,400 [sql-log-1-thread-1] INFO  o.t.s.dao.sql.TbSqlBlockingQueue - Queue-2 [Attributes] queueSize [0] totalAdded [1] totalSaved [1] totalFailed [0]
2025-05-05 00:18:45,328 [sql-log-1-thread-1] INFO  o.t.s.dao.sql.TbSqlBlockingQueue - Queue-0 [TS] queueSize [0] totalAdded [15] totalSaved [15] totalFailed [0]
2025-05-05 00:18:45,329 [sql-log-1-thread-1] INFO  o.t.s.dao.sql.TbSqlBlockingQueue - Queue-2 [TS] queueSize [0] totalAdded [14] totalSaved [14] totalFailed [0]
2025-05-05 00:18:45,396 [sql-log-1-thread-1] INFO  o.t.s.dao.sql.TbSqlBlockingQueue - Queue-0 [TS Latest] queueSize [0] totalAdded [15] totalSaved [15] totalFailed [0]
2025-05-05 00:18:45,396 [sql-log-1-thread-1] INFO  o.t.s.dao.sql.TbSqlBlockingQueue - Queue-2 [TS Latest] queueSize [0] totalAdded [14] totalSaved [14] totalFailed [0]
2025-05-05 00:18:55,328 [sql-log-1-thread-1] INFO  o.t.s.dao.sql.TbSqlBlockingQueue - Queue-0 [TS] queueSize [0] totalAdded [2] totalSaved [2] totalFailed [0]
2025-05-05 00:18:55,329 [sql-log-1-thread-1] INFO  o.t.s.dao.sql.TbSqlBlockingQueue - Queue-2 [TS] queueSize [0] totalAdded [2] totalSaved [2] totalFailed [0]
2025-05-05 00:18:55,396 [sql-log-1-thread-1] INFO  o.t.s.dao.sql.TbSqlBlockingQueue - Queue-0 [TS Latest] queueSize [0] totalAdded [2] totalSaved [2] totalFailed [0]
2025-05-05 00:18:55,397 [sql-log-1-thread-1] INFO  o.t.s.dao.sql.TbSqlBlockingQueue - Queue-2 [TS Latest] queueSize [0] totalAdded [2] totalSaved [2] totalFailed [0]
2025-05-05 00:19:45,325 [sql-log-1-thread-1] INFO  o.t.s.dao.sql.TbSqlBlockingQueue - Queue-0 [TS] queueSize [0] totalAdded [7] totalSaved [7] totalFailed [0]
2025-05-05 00:19:45,392 [sql-log-1-thread-1] INFO  o.t.s.dao.sql.TbSqlBlockingQueue - Queue-0 [TS Latest] queueSize [0] totalAdded [7] totalSaved [7] totalFailed [0]
2025-05-05 00:19:55,325 [sql-log-1-thread-1] INFO  o.t.s.dao.sql.TbSqlBlockingQueue - Queue-0 [TS] queueSize [0] totalAdded [2] totalSaved [2] totalFailed [0]
2025-05-05 00:19:55,326 [sql-log-1-thread-1] INFO  o.t.s.dao.sql.TbSqlBlockingQueue - Queue-2 [TS] queueSize [0] totalAdded [2] totalSaved [2] totalFailed [0]
2025-05-05 00:19:55,392 [sql-log-1-thread-1] INFO  o.t.s.dao.sql.TbSqlBlockingQueue - Queue-0 [TS Latest] queueSize [0] totalAdded [2] totalSaved [2] totalFailed [0]
2025-05-05 00:19:55,393 [sql-log-1-thread-1] INFO  o.t.s.dao.sql.TbSqlBlockingQueue - Queue-2 [TS Latest] queueSize [0] totalAdded [2] totalSaved [2] totalFailed [0]
2025-05-05 00:20:35,324 [sql-log-1-thread-1] INFO  o.t.s.dao.sql.TbSqlBlockingQueue - Queue-0 [TS] queueSize [0] totalAdded [28] totalSaved [28] totalFailed [0]
2025-05-05 00:20:35,324 [sql-log-1-thread-1] INFO  o.t.s.dao.sql.TbSqlBlockingQueue - Queue-2 [TS] queueSize [0] totalAdded [4] totalSaved [4] totalFailed [0]
2025-05-05 00:20:35,391 [sql-log-1-thread-1] INFO  o.t.s.dao.sql.TbSqlBlockingQueue - Queue-0 [TS Latest] queueSize [0] totalAdded [28] totalSaved [28] totalFailed [0]
2025-05-05 00:20:35,392 [sql-log-1-thread-1] INFO  o.t.s.dao.sql.TbSqlBlockingQueue - Queue-2 [TS Latest] queueSize [0] totalAdded [4] totalSaved [4] totalFailed [0]
2025-05-05 00:20:42,722 [TB-Scheduling-6] INFO  o.t.s.s.queue.TbCoreConsumerStats - Core Stats: totalMsgs = [5] sessionEvents = [0] getAttr = [0] subToAttr = [0] subToRpc = [0] toDevRpc = [0] subInfo = [5] claimDevice = [0] deviceState = [0] subMsgs = [0] deviceConnect = [0] deviceActivity = [0] deviceDisconnect = [0] deviceInactivity = [0] coreNfOther = [0] coreNfCompLfcl = [0] coreNfDevRpcRsp = [0] coreNfNfRlProc = [0] coreNfQueueUpd = [0] coreNfQueueDel = [0] coreNfSubSvc = [0] coreNfSubMgr = [0] coreNfVCRsp = [0] 
2025-05-05 00:20:42,848 [TB-Scheduling-7] INFO  o.t.s.s.q.TbRuleEngineConsumerStats - [Main] Stats: totalMsgs = [5] successfulMsgs = [5] timeoutMsgs = [0] failedMsgs = [0] tmpTimeout = [0] tmpFailed = [0] successfulIterations = [5] failedIterations = [0] 
2025-05-05 00:20:44,392 [sql-log-1-thread-1] INFO  o.t.s.dao.sql.TbSqlBlockingQueue - Queue-0 [Attributes] queueSize [0] totalAdded [4] totalSaved [4] totalFailed [0]
2025-05-05 00:20:44,393 [sql-log-1-thread-1] INFO  o.t.s.dao.sql.TbSqlBlockingQueue - Queue-2 [Attributes] queueSize [0] totalAdded [1] totalSaved [1] totalFailed [0]
2025-05-05 00:20:45,322 [sql-log-1-thread-1] INFO  o.t.s.dao.sql.TbSqlBlockingQueue - Queue-0 [TS] queueSize [0] totalAdded [15] totalSaved [15] totalFailed [0]
2025-05-05 00:20:45,323 [sql-log-1-thread-1] INFO  o.t.s.dao.sql.TbSqlBlockingQueue - Queue-2 [TS] queueSize [0] totalAdded [14] totalSaved [14] totalFailed [0]
2025-05-05 00:20:45,389 [sql-log-1-thread-1] INFO  o.t.s.dao.sql.TbSqlBlockingQueue - Queue-0 [TS Latest] queueSize [0] totalAdded [15] totalSaved [15] totalFailed [0]
2025-05-05 00:20:45,390 [sql-log-1-thread-1] INFO  o.t.s.dao.sql.TbSqlBlockingQueue - Queue-2 [TS Latest] queueSize [0] totalAdded [14] totalSaved [14] totalFailed [0]
2025-05-05 00:20:55,322 [sql-log-1-thread-1] INFO  o.t.s.dao.sql.TbSqlBlockingQueue - Queue-0 [TS] queueSize [0] totalAdded [2] totalSaved [2] totalFailed [0]
2025-05-05 00:20:55,323 [sql-log-1-thread-1] INFO  o.t.s.dao.sql.TbSqlBlockingQueue - Queue-2 [TS] queueSize [0] totalAdded [2] totalSaved [2] totalFailed [0]
2025-05-05 00:20:55,389 [sql-log-1-thread-1] INFO  o.t.s.dao.sql.TbSqlBlockingQueue - Queue-0 [TS Latest] queueSize [0] totalAdded [2] totalSaved [2] totalFailed [0]
2025-05-05 00:20:55,389 [sql-log-1-thread-1] INFO  o.t.s.dao.sql.TbSqlBlockingQueue - Queue-2 [TS Latest] queueSize [0] totalAdded [2] totalSaved [2] totalFailed [0]
2025-05-05 00:21:45,319 [sql-log-1-thread-1] INFO  o.t.s.dao.sql.TbSqlBlockingQueue - Queue-0 [TS] queueSize [0] totalAdded [7] totalSaved [7] totalFailed [0]
2025-05-05 00:21:45,386 [sql-log-1-thread-1] INFO  o.t.s.dao.sql.TbSqlBlockingQueue - Queue-0 [TS Latest] queueSize [0] totalAdded [7] totalSaved [7] totalFailed [0]
2025-05-05 00:21:55,319 [sql-log-1-thread-1] INFO  o.t.s.dao.sql.TbSqlBlockingQueue - Queue-0 [TS] queueSize [0] totalAdded [2] totalSaved [2] totalFailed [0]
2025-05-05 00:21:55,320 [sql-log-1-thread-1] INFO  o.t.s.dao.sql.TbSqlBlockingQueue - Queue-2 [TS] queueSize [0] totalAdded [2] totalSaved [2] totalFailed [0]
2025-05-05 00:21:55,386 [sql-log-1-thread-1] INFO  o.t.s.dao.sql.TbSqlBlockingQueue - Queue-0 [TS Latest] queueSize [0] totalAdded [2] totalSaved [2] totalFailed [0]
2025-05-05 00:21:55,387 [sql-log-1-thread-1] INFO  o.t.s.dao.sql.TbSqlBlockingQueue - Queue-2 [TS Latest] queueSize [0] totalAdded [2] totalSaved [2] totalFailed [0]
2025-05-05 00:22:35,318 [sql-log-1-thread-1] INFO  o.t.s.dao.sql.TbSqlBlockingQueue - Queue-0 [TS] queueSize [0] totalAdded [28] totalSaved [28] totalFailed [0]
2025-05-05 00:22:35,319 [sql-log-1-thread-1] INFO  o.t.s.dao.sql.TbSqlBlockingQueue - Queue-2 [TS] queueSize [0] totalAdded [4] totalSaved [4] totalFailed [0]
2025-05-05 00:22:35,385 [sql-log-1-thread-1] INFO  o.t.s.dao.sql.TbSqlBlockingQueue - Queue-0 [TS Latest] queueSize [0] totalAdded [28] totalSaved [28] totalFailed [0]
2025-05-05 00:22:35,386 [sql-log-1-thread-1] INFO  o.t.s.dao.sql.TbSqlBlockingQueue - Queue-2 [TS Latest] queueSize [0] totalAdded [4] totalSaved [4] totalFailed [0]
2025-05-05 00:22:42,719 [TB-Scheduling-5] INFO  o.t.s.s.queue.TbCoreConsumerStats - Core Stats: totalMsgs = [5] sessionEvents = [0] getAttr = [0] subToAttr = [0] subToRpc = [0] toDevRpc = [0] subInfo = [5] claimDevice = [0] deviceState = [0] subMsgs = [0] deviceConnect = [0] deviceActivity = [0] deviceDisconnect = [0] deviceInactivity = [0] coreNfOther = [0] coreNfCompLfcl = [0] coreNfDevRpcRsp = [0] coreNfNfRlProc = [0] coreNfQueueUpd = [0] coreNfQueueDel = [0] coreNfSubSvc = [0] coreNfSubMgr = [0] coreNfVCRsp = [0] 
2025-05-05 00:22:42,846 [TB-Scheduling-3] INFO  o.t.s.s.q.TbRuleEngineConsumerStats - [Main] Stats: totalMsgs = [5] successfulMsgs = [5] timeoutMsgs = [0] failedMsgs = [0] tmpTimeout = [0] tmpFailed = [0] successfulIterations = [5] failedIterations = [0] 
2025-05-05 00:22:44,386 [sql-log-1-thread-1] INFO  o.t.s.dao.sql.TbSqlBlockingQueue - Queue-0 [Attributes] queueSize [0] totalAdded [4] totalSaved [4] totalFailed [0]
2025-05-05 00:22:44,388 [sql-log-1-thread-1] INFO  o.t.s.dao.sql.TbSqlBlockingQueue - Queue-2 [Attributes] queueSize [0] totalAdded [1] totalSaved [1] totalFailed [0]
2025-05-05 00:22:45,316 [sql-log-1-thread-1] INFO  o.t.s.dao.sql.TbSqlBlockingQueue - Queue-0 [TS] queueSize [0] totalAdded [15] totalSaved [15] totalFailed [0]
2025-05-05 00:22:45,317 [sql-log-1-thread-1] INFO  o.t.s.dao.sql.TbSqlBlockingQueue - Queue-2 [TS] queueSize [0] totalAdded [14] totalSaved [14] totalFailed [0]
2025-05-05 00:22:45,383 [sql-log-1-thread-1] INFO  o.t.s.dao.sql.TbSqlBlockingQueue - Queue-0 [TS Latest] queueSize [0] totalAdded [15] totalSaved [15] totalFailed [0]
2025-05-05 00:22:45,384 [sql-log-1-thread-1] INFO  o.t.s.dao.sql.TbSqlBlockingQueue - Queue-2 [TS Latest] queueSize [0] totalAdded [14] totalSaved [14] totalFailed [0]
2025-05-05 00:22:55,316 [sql-log-1-thread-1] INFO  o.t.s.dao.sql.TbSqlBlockingQueue - Queue-0 [TS] queueSize [0] totalAdded [2] totalSaved [2] totalFailed [0]
2025-05-05 00:22:55,317 [sql-log-1-thread-1] INFO  o.t.s.dao.sql.TbSqlBlockingQueue - Queue-2 [TS] queueSize [0] totalAdded [2] totalSaved [2] totalFailed [0]
2025-05-05 00:22:55,383 [sql-log-1-thread-1] INFO  o.t.s.dao.sql.TbSqlBlockingQueue - Queue-0 [TS Latest] queueSize [0] totalAdded [2] totalSaved [2] totalFailed [0]
2025-05-05 00:22:55,384 [sql-log-1-thread-1] INFO  o.t.s.dao.sql.TbSqlBlockingQueue - Queue-2 [TS Latest] queueSize [0] totalAdded [2] totalSaved [2] totalFailed [0]
2025-05-05 00:23:26,297 [subscription-scheduler-23-thread-1] INFO  o.t.s.s.s.DefaultSubscriptionManagerService - Removed 0 old entity update records.
2025-05-05 00:23:42,716 [TB-Scheduling-4] INFO  o.t.s.s.queue.TbCoreConsumerStats - Core Stats: totalMsgs = [10] sessionEvents = [0] getAttr = [5] subToAttr = [0] subToRpc = [0] toDevRpc = [0] subInfo = [5] claimDevice = [0] deviceState = [0] subMsgs = [0] deviceConnect = [0] deviceActivity = [0] deviceDisconnect = [0] deviceInactivity = [0] coreNfOther = [0] coreNfCompLfcl = [0] coreNfDevRpcRsp = [0] coreNfNfRlProc = [0] coreNfQueueUpd = [0] coreNfQueueDel = [0] coreNfSubSvc = [0] coreNfSubMgr = [0] coreNfVCRsp = [0] 
2025-05-05 00:23:42,748 [TB-Scheduling-1] INFO  o.t.s.dao.aspect.SqlDaoCallsAspect - Total timing statistics below:
2025-05-05 00:23:42,748 [TB-Scheduling-1] INFO  o.t.s.dao.aspect.SqlDaoCallsAspect - [b21a13d0-293e-11f0-a867-61f7cbe53541]: calls: 15, failures: 0, exec time: 65 
2025-05-05 00:23:42,749 [TB-Scheduling-1] INFO  o.t.s.dao.aspect.SqlDaoCallsAspect - [b21a13d0-293e-11f0-a867-61f7cbe53541] Top 3 methods by timing:
2025-05-05 00:23:42,749 [TB-Scheduling-1] INFO  o.t.s.dao.aspect.SqlDaoCallsAspect - [b21a13d0-293e-11f0-a867-61f7cbe53541]: method: JpaAttributeDao.findAll(..), calls: 15, failures: 0, exec time: 65
2025-05-05 00:23:44,383 [sql-log-1-thread-1] INFO  o.t.s.dao.sql.TbSqlBlockingQueue - Queue-0 [Attributes] queueSize [0] totalAdded [4] totalSaved [4] totalFailed [0]
2025-05-05 00:23:44,385 [sql-log-1-thread-1] INFO  o.t.s.dao.sql.TbSqlBlockingQueue - Queue-2 [Attributes] queueSize [0] totalAdded [1] totalSaved [1] totalFailed [0]
2025-05-05 00:23:44,820 [tenant-dispatcher-0-2] INFO  o.t.s.d.s.i.s.SqlPartitioningRepository - Saving partition 1746057600000-1746662400000 for table stats_event
2025-05-05 00:23:45,314 [sql-log-1-thread-1] INFO  o.t.s.dao.sql.TbSqlBlockingQueue - Queue-0 [TS] queueSize [0] totalAdded [11] totalSaved [11] totalFailed [0]
2025-05-05 00:23:45,314 [sql-log-1-thread-1] INFO  o.t.s.dao.sql.TbSqlBlockingQueue - Queue-2 [TS] queueSize [0] totalAdded [4] totalSaved [4] totalFailed [0]
2025-05-05 00:23:45,380 [sql-log-1-thread-1] INFO  o.t.s.dao.sql.TbSqlBlockingQueue - Queue-0 [TS Latest] queueSize [0] totalAdded [11] totalSaved [11] totalFailed [0]
2025-05-05 00:23:45,381 [sql-log-1-thread-1] INFO  o.t.s.dao.sql.TbSqlBlockingQueue - Queue-2 [TS Latest] queueSize [0] totalAdded [4] totalSaved [4] totalFailed [0]
2025-05-05 00:23:48,380 [sql-log-1-thread-1] INFO  o.t.s.dao.sql.TbSqlBlockingQueue - Queue-1 [Events] queueSize [0] totalAdded [5] totalSaved [5] totalFailed [0]
2025-05-05 00:23:48,380 [sql-log-1-thread-1] INFO  o.t.s.dao.sql.TbSqlBlockingQueue - Queue-2 [Events] queueSize [0] totalAdded [1] totalSaved [1] totalFailed [0]
2025-05-05 00:23:55,313 [sql-log-1-thread-1] INFO  o.t.s.dao.sql.TbSqlBlockingQueue - Queue-0 [TS] queueSize [0] totalAdded [2] totalSaved [2] totalFailed [0]
2025-05-05 00:23:55,314 [sql-log-1-thread-1] INFO  o.t.s.dao.sql.TbSqlBlockingQueue - Queue-2 [TS] queueSize [0] totalAdded [2] totalSaved [2] totalFailed [0]
2025-05-05 00:23:55,380 [sql-log-1-thread-1] INFO  o.t.s.dao.sql.TbSqlBlockingQueue - Queue-0 [TS Latest] queueSize [0] totalAdded [2] totalSaved [2] totalFailed [0]
2025-05-05 00:23:55,381 [sql-log-1-thread-1] INFO  o.t.s.dao.sql.TbSqlBlockingQueue - Queue-2 [TS Latest] queueSize [0] totalAdded [2] totalSaved [2] totalFailed [0]
2025-05-05 00:24:35,311 [sql-log-1-thread-1] INFO  o.t.s.dao.sql.TbSqlBlockingQueue - Queue-0 [TS] queueSize [0] totalAdded [28] totalSaved [28] totalFailed [0]
2025-05-05 00:24:35,312 [sql-log-1-thread-1] INFO  o.t.s.dao.sql.TbSqlBlockingQueue - Queue-2 [TS] queueSize [0] totalAdded [4] totalSaved [4] totalFailed [0]
2025-05-05 00:24:35,378 [sql-log-1-thread-1] INFO  o.t.s.dao.sql.TbSqlBlockingQueue - Queue-0 [TS Latest] queueSize [0] totalAdded [28] totalSaved [28] totalFailed [0]
2025-05-05 00:24:35,378 [sql-log-1-thread-1] INFO  o.t.s.dao.sql.TbSqlBlockingQueue - Queue-2 [TS Latest] queueSize [0] totalAdded [4] totalSaved [4] totalFailed [0]
2025-05-05 00:24:42,714 [TB-Scheduling-5] INFO  o.t.s.s.queue.TbCoreConsumerStats - Core Stats: totalMsgs = [5] sessionEvents = [0] getAttr = [0] subToAttr = [0] subToRpc = [0] toDevRpc = [0] subInfo = [5] claimDevice = [0] deviceState = [0] subMsgs = [0] deviceConnect = [0] deviceActivity = [0] deviceDisconnect = [0] deviceInactivity = [0] coreNfOther = [0] coreNfCompLfcl = [0] coreNfDevRpcRsp = [0] coreNfNfRlProc = [0] coreNfQueueUpd = [0] coreNfQueueDel = [0] coreNfSubSvc = [0] coreNfSubMgr = [0] coreNfVCRsp = [0] 
2025-05-05 00:24:42,841 [TB-Scheduling-3] INFO  o.t.s.s.q.TbRuleEngineConsumerStats - [Main] Stats: totalMsgs = [5] successfulMsgs = [5] timeoutMsgs = [0] failedMsgs = [0] tmpTimeout = [0] tmpFailed = [0] successfulIterations = [5] failedIterations = [0] 
2025-05-05 00:24:44,380 [sql-log-1-thread-1] INFO  o.t.s.dao.sql.TbSqlBlockingQueue - Queue-0 [Attributes] queueSize [0] totalAdded [4] totalSaved [4] totalFailed [0]
2025-05-05 00:24:44,382 [sql-log-1-thread-1] INFO  o.t.s.dao.sql.TbSqlBlockingQueue - Queue-2 [Attributes] queueSize [0] totalAdded [1] totalSaved [1] totalFailed [0]
2025-05-05 00:24:45,310 [sql-log-1-thread-1] INFO  o.t.s.dao.sql.TbSqlBlockingQueue - Queue-0 [TS] queueSize [0] totalAdded [15] totalSaved [15] totalFailed [0]
2025-05-05 00:24:45,311 [sql-log-1-thread-1] INFO  o.t.s.dao.sql.TbSqlBlockingQueue - Queue-2 [TS] queueSize [0] totalAdded [14] totalSaved [14] totalFailed [0]
2025-05-05 00:24:45,377 [sql-log-1-thread-1] INFO  o.t.s.dao.sql.TbSqlBlockingQueue - Queue-0 [TS Latest] queueSize [0] totalAdded [15] totalSaved [15] totalFailed [0]
2025-05-05 00:24:45,378 [sql-log-1-thread-1] INFO  o.t.s.dao.sql.TbSqlBlockingQueue - Queue-2 [TS Latest] queueSize [0] totalAdded [14] totalSaved [14] totalFailed [0]
2025-05-05 00:24:55,310 [sql-log-1-thread-1] INFO  o.t.s.dao.sql.TbSqlBlockingQueue - Queue-0 [TS] queueSize [0] totalAdded [2] totalSaved [2] totalFailed [0]
2025-05-05 00:24:55,311 [sql-log-1-thread-1] INFO  o.t.s.dao.sql.TbSqlBlockingQueue - Queue-2 [TS] queueSize [0] totalAdded [2] totalSaved [2] totalFailed [0]
2025-05-05 00:24:55,378 [sql-log-1-thread-1] INFO  o.t.s.dao.sql.TbSqlBlockingQueue - Queue-0 [TS Latest] queueSize [0] totalAdded [2] totalSaved [2] totalFailed [0]
2025-05-05 00:24:55,379 [sql-log-1-thread-1] INFO  o.t.s.dao.sql.TbSqlBlockingQueue - Queue-2 [TS Latest] queueSize [0] totalAdded [2] totalSaved [2] totalFailed [0]
2025-05-05 00:25:55,307 [sql-log-1-thread-1] INFO  o.t.s.dao.sql.TbSqlBlockingQueue - Queue-0 [TS] queueSize [0] totalAdded [9] totalSaved [9] totalFailed [0]
2025-05-05 00:25:55,308 [sql-log-1-thread-1] INFO  o.t.s.dao.sql.TbSqlBlockingQueue - Queue-2 [TS] queueSize [0] totalAdded [2] totalSaved [2] totalFailed [0]
2025-05-05 00:25:55,375 [sql-log-1-thread-1] INFO  o.t.s.dao.sql.TbSqlBlockingQueue - Queue-0 [TS Latest] queueSize [0] totalAdded [9] totalSaved [9] totalFailed [0]
2025-05-05 00:25:55,376 [sql-log-1-thread-1] INFO  o.t.s.dao.sql.TbSqlBlockingQueue - Queue-2 [TS Latest] queueSize [0] totalAdded [2] totalSaved [2] totalFailed [0]
2025-05-05 00:26:35,306 [sql-log-1-thread-1] INFO  o.t.s.dao.sql.TbSqlBlockingQueue - Queue-0 [TS] queueSize [0] totalAdded [28] totalSaved [28] totalFailed [0]
2025-05-05 00:26:35,307 [sql-log-1-thread-1] INFO  o.t.s.dao.sql.TbSqlBlockingQueue - Queue-2 [TS] queueSize [0] totalAdded [4] totalSaved [4] totalFailed [0]
2025-05-05 00:26:35,373 [sql-log-1-thread-1] INFO  o.t.s.dao.sql.TbSqlBlockingQueue - Queue-0 [TS Latest] queueSize [0] totalAdded [28] totalSaved [28] totalFailed [0]
2025-05-05 00:26:35,374 [sql-log-1-thread-1] INFO  o.t.s.dao.sql.TbSqlBlockingQueue - Queue-2 [TS Latest] queueSize [0] totalAdded [4] totalSaved [4] totalFailed [0]
2025-05-05 00:26:42,708 [TB-Scheduling-5] INFO  o.t.s.s.queue.TbCoreConsumerStats - Core Stats: totalMsgs = [5] sessionEvents = [0] getAttr = [0] subToAttr = [0] subToRpc = [0] toDevRpc = [0] subInfo = [5] claimDevice = [0] deviceState = [0] subMsgs = [0] deviceConnect = [0] deviceActivity = [0] deviceDisconnect = [0] deviceInactivity = [0] coreNfOther = [0] coreNfCompLfcl = [0] coreNfDevRpcRsp = [0] coreNfNfRlProc = [0] coreNfQueueUpd = [0] coreNfQueueDel = [0] coreNfSubSvc = [0] coreNfSubMgr = [0] coreNfVCRsp = [0] 
2025-05-05 00:26:42,836 [TB-Scheduling-1] INFO  o.t.s.s.q.TbRuleEngineConsumerStats - [Main] Stats: totalMsgs = [5] successfulMsgs = [5] timeoutMsgs = [0] failedMsgs = [0] tmpTimeout = [0] tmpFailed = [0] successfulIterations = [5] failedIterations = [0] 
2025-05-05 00:26:44,373 [sql-log-1-thread-1] INFO  o.t.s.dao.sql.TbSqlBlockingQueue - Queue-0 [Attributes] queueSize [0] totalAdded [4] totalSaved [4] totalFailed [0]
2025-05-05 00:26:44,375 [sql-log-1-thread-1] INFO  o.t.s.dao.sql.TbSqlBlockingQueue - Queue-2 [Attributes] queueSize [0] totalAdded [1] totalSaved [1] totalFailed [0]
2025-05-05 00:26:45,304 [sql-log-1-thread-1] INFO  o.t.s.dao.sql.TbSqlBlockingQueue - Queue-0 [TS] queueSize [0] totalAdded [8] totalSaved [8] totalFailed [0]
2025-05-05 00:26:45,305 [sql-log-1-thread-1] INFO  o.t.s.dao.sql.TbSqlBlockingQueue - Queue-2 [TS] queueSize [0] totalAdded [14] totalSaved [14] totalFailed [0]
2025-05-05 00:26:45,371 [sql-log-1-thread-1] INFO  o.t.s.dao.sql.TbSqlBlockingQueue - Queue-0 [TS Latest] queueSize [0] totalAdded [8] totalSaved [8] totalFailed [0]
2025-05-05 00:26:45,371 [sql-log-1-thread-1] INFO  o.t.s.dao.sql.TbSqlBlockingQueue - Queue-2 [TS Latest] queueSize [0] totalAdded [14] totalSaved [14] totalFailed [0]
2025-05-05 00:26:55,304 [sql-log-1-thread-1] INFO  o.t.s.dao.sql.TbSqlBlockingQueue - Queue-0 [TS] queueSize [0] totalAdded [9] totalSaved [9] totalFailed [0]
2025-05-05 00:26:55,305 [sql-log-1-thread-1] INFO  o.t.s.dao.sql.TbSqlBlockingQueue - Queue-2 [TS] queueSize [0] totalAdded [2] totalSaved [2] totalFailed [0]
2025-05-05 00:26:55,371 [sql-log-1-thread-1] INFO  o.t.s.dao.sql.TbSqlBlockingQueue - Queue-0 [TS Latest] queueSize [0] totalAdded [9] totalSaved [9] totalFailed [0]
2025-05-05 00:26:55,372 [sql-log-1-thread-1] INFO  o.t.s.dao.sql.TbSqlBlockingQueue - Queue-2 [TS Latest] queueSize [0] totalAdded [2] totalSaved [2] totalFailed [0]
2025-05-05 00:27:14,352 [http-nio-0.0.0.0-9090-exec-3] INFO  o.t.s.c.plugin.TbWebSocketHandler - [b21a13d0-293e-11f0-a867-61f7cbe53541][b2c017d0-293e-11f0-a867-61f7cbe53541][aec3b5b3-1974-467d-b4fe-866ca5f9e05a][221381f6-cda5-3061-fd26-33a619babfc9] Session established from address: /172.18.0.1:34136
2025-05-05 00:27:42,738 [TB-Scheduling-2] INFO  o.t.s.dao.aspect.SqlDaoCallsAspect - Total timing statistics below:
2025-05-05 00:27:42,739 [TB-Scheduling-2] INFO  o.t.s.dao.aspect.SqlDaoCallsAspect - [b21a13d0-293e-11f0-a867-61f7cbe53541]: calls: 1, failures: 0, exec time: 7 
2025-05-05 00:27:42,739 [TB-Scheduling-2] INFO  o.t.s.dao.aspect.SqlDaoCallsAspect - [b21a13d0-293e-11f0-a867-61f7cbe53541] Top 3 methods by timing:
2025-05-05 00:27:42,739 [TB-Scheduling-2] INFO  o.t.s.dao.aspect.SqlDaoCallsAspect - [b21a13d0-293e-11f0-a867-61f7cbe53541]: method: JpaNotificationDao.countUnreadByDeliveryMethodAndRecipientId(..), calls: 1, failures: 0, exec time: 7
2025-05-05 00:27:55,301 [sql-log-1-thread-1] INFO  o.t.s.dao.sql.TbSqlBlockingQueue - Queue-0 [TS] queueSize [0] totalAdded [9] totalSaved [9] totalFailed [0]
2025-05-05 00:27:55,302 [sql-log-1-thread-1] INFO  o.t.s.dao.sql.TbSqlBlockingQueue - Queue-2 [TS] queueSize [0] totalAdded [2] totalSaved [2] totalFailed [0]
2025-05-05 00:27:55,368 [sql-log-1-thread-1] INFO  o.t.s.dao.sql.TbSqlBlockingQueue - Queue-0 [TS Latest] queueSize [0] totalAdded [9] totalSaved [9] totalFailed [0]
2025-05-05 00:27:55,370 [sql-log-1-thread-1] INFO  o.t.s.dao.sql.TbSqlBlockingQueue - Queue-2 [TS Latest] queueSize [0] totalAdded [2] totalSaved [2] totalFailed [0]
2025-05-05 00:28:55,298 [sql-log-1-thread-1] INFO  o.t.s.dao.sql.TbSqlBlockingQueue - Queue-0 [TS] queueSize [0] totalAdded [9] totalSaved [9] totalFailed [0]
2025-05-05 00:28:55,300 [sql-log-1-thread-1] INFO  o.t.s.dao.sql.TbSqlBlockingQueue - Queue-2 [TS] queueSize [0] totalAdded [2] totalSaved [2] totalFailed [0]
2025-05-05 00:28:55,366 [sql-log-1-thread-1] INFO  o.t.s.dao.sql.TbSqlBlockingQueue - Queue-0 [TS Latest] queueSize [0] totalAdded [9] totalSaved [9] totalFailed [0]
2025-05-05 00:28:55,367 [sql-log-1-thread-1] INFO  o.t.s.dao.sql.TbSqlBlockingQueue - Queue-2 [TS Latest] queueSize [0] totalAdded [2] totalSaved [2] totalFailed [0]
2025-05-05 00:29:55,295 [sql-log-1-thread-1] INFO  o.t.s.dao.sql.TbSqlBlockingQueue - Queue-0 [TS] queueSize [0] totalAdded [9] totalSaved [9] totalFailed [0]
2025-05-05 00:29:55,296 [sql-log-1-thread-1] INFO  o.t.s.dao.sql.TbSqlBlockingQueue - Queue-2 [TS] queueSize [0] totalAdded [2] totalSaved [2] totalFailed [0]
2025-05-05 00:29:55,363 [sql-log-1-thread-1] INFO  o.t.s.dao.sql.TbSqlBlockingQueue - Queue-0 [TS Latest] queueSize [0] totalAdded [9] totalSaved [9] totalFailed [0]
2025-05-05 00:29:55,365 [sql-log-1-thread-1] INFO  o.t.s.dao.sql.TbSqlBlockingQueue - Queue-2 [TS Latest] queueSize [0] totalAdded [2] totalSaved [2] totalFailed [0]
2025-05-05 00:30:55,292 [sql-log-1-thread-1] INFO  o.t.s.dao.sql.TbSqlBlockingQueue - Queue-0 [TS] queueSize [0] totalAdded [9] totalSaved [9] totalFailed [0]
2025-05-05 00:30:55,293 [sql-log-1-thread-1] INFO  o.t.s.dao.sql.TbSqlBlockingQueue - Queue-2 [TS] queueSize [0] totalAdded [2] totalSaved [2] totalFailed [0]
2025-05-05 00:30:55,359 [sql-log-1-thread-1] INFO  o.t.s.dao.sql.TbSqlBlockingQueue - Queue-0 [TS Latest] queueSize [0] totalAdded [9] totalSaved [9] totalFailed [0]
2025-05-05 00:30:55,360 [sql-log-1-thread-1] INFO  o.t.s.dao.sql.TbSqlBlockingQueue - Queue-2 [TS Latest] queueSize [0] totalAdded [2] totalSaved [2] totalFailed [0]
2025-05-05 00:31:55,289 [sql-log-1-thread-1] INFO  o.t.s.dao.sql.TbSqlBlockingQueue - Queue-0 [TS] queueSize [0] totalAdded [9] totalSaved [9] totalFailed [0]
2025-05-05 00:31:55,292 [sql-log-1-thread-1] INFO  o.t.s.dao.sql.TbSqlBlockingQueue - Queue-2 [TS] queueSize [0] totalAdded [2] totalSaved [2] totalFailed [0]
2025-05-05 00:31:55,356 [sql-log-1-thread-1] INFO  o.t.s.dao.sql.TbSqlBlockingQueue - Queue-0 [TS Latest] queueSize [0] totalAdded [9] totalSaved [9] totalFailed [0]
2025-05-05 00:31:55,358 [sql-log-1-thread-1] INFO  o.t.s.dao.sql.TbSqlBlockingQueue - Queue-2 [TS Latest] queueSize [0] totalAdded [2] totalSaved [2] totalFailed [0]
2025-05-05 00:32:55,286 [sql-log-1-thread-1] INFO  o.t.s.dao.sql.TbSqlBlockingQueue - Queue-0 [TS] queueSize [0] totalAdded [9] totalSaved [9] totalFailed [0]
2025-05-05 00:32:55,287 [sql-log-1-thread-1] INFO  o.t.s.dao.sql.TbSqlBlockingQueue - Queue-2 [TS] queueSize [0] totalAdded [2] totalSaved [2] totalFailed [0]
2025-05-05 00:32:55,353 [sql-log-1-thread-1] INFO  o.t.s.dao.sql.TbSqlBlockingQueue - Queue-0 [TS Latest] queueSize [0] totalAdded [9] totalSaved [9] totalFailed [0]
2025-05-05 00:32:55,355 [sql-log-1-thread-1] INFO  o.t.s.dao.sql.TbSqlBlockingQueue - Queue-2 [TS Latest] queueSize [0] totalAdded [2] totalSaved [2] totalFailed [0]
2025-05-05 00:33:55,283 [sql-log-1-thread-1] INFO  o.t.s.dao.sql.TbSqlBlockingQueue - Queue-0 [TS] queueSize [0] totalAdded [9] totalSaved [9] totalFailed [0]
2025-05-05 00:33:55,284 [sql-log-1-thread-1] INFO  o.t.s.dao.sql.TbSqlBlockingQueue - Queue-2 [TS] queueSize [0] totalAdded [2] totalSaved [2] totalFailed [0]
2025-05-05 00:33:55,350 [sql-log-1-thread-1] INFO  o.t.s.dao.sql.TbSqlBlockingQueue - Queue-0 [TS Latest] queueSize [0] totalAdded [9] totalSaved [9] totalFailed [0]
2025-05-05 00:33:55,351 [sql-log-1-thread-1] INFO  o.t.s.dao.sql.TbSqlBlockingQueue - Queue-2 [TS Latest] queueSize [0] totalAdded [2] totalSaved [2] totalFailed [0]
2025-05-05 00:34:55,280 [sql-log-1-thread-1] INFO  o.t.s.dao.sql.TbSqlBlockingQueue - Queue-0 [TS] queueSize [0] totalAdded [9] totalSaved [9] totalFailed [0]
2025-05-05 00:34:55,282 [sql-log-1-thread-1] INFO  o.t.s.dao.sql.TbSqlBlockingQueue - Queue-2 [TS] queueSize [0] totalAdded [2] totalSaved [2] totalFailed [0]
2025-05-05 00:34:55,347 [sql-log-1-thread-1] INFO  o.t.s.dao.sql.TbSqlBlockingQueue - Queue-0 [TS Latest] queueSize [0] totalAdded [9] totalSaved [9] totalFailed [0]
2025-05-05 00:34:55,348 [sql-log-1-thread-1] INFO  o.t.s.dao.sql.TbSqlBlockingQueue - Queue-2 [TS Latest] queueSize [0] totalAdded [2] totalSaved [2] totalFailed [0]
2025-05-05 00:35:55,277 [sql-log-1-thread-1] INFO  o.t.s.dao.sql.TbSqlBlockingQueue - Queue-0 [TS] queueSize [0] totalAdded [2] totalSaved [2] totalFailed [0]
2025-05-05 00:35:55,278 [sql-log-1-thread-1] INFO  o.t.s.dao.sql.TbSqlBlockingQueue - Queue-2 [TS] queueSize [0] totalAdded [2] totalSaved [2] totalFailed [0]
2025-05-05 00:35:55,344 [sql-log-1-thread-1] INFO  o.t.s.dao.sql.TbSqlBlockingQueue - Queue-0 [TS Latest] queueSize [0] totalAdded [2] totalSaved [2] totalFailed [0]
2025-05-05 00:35:55,346 [sql-log-1-thread-1] INFO  o.t.s.dao.sql.TbSqlBlockingQueue - Queue-2 [TS Latest] queueSize [0] totalAdded [2] totalSaved [2] totalFailed [0]
2025-05-05 00:36:05,277 [sql-log-1-thread-1] INFO  o.t.s.dao.sql.TbSqlBlockingQueue - Queue-0 [TS] queueSize [0] totalAdded [7] totalSaved [7] totalFailed [0]
2025-05-05 00:36:05,344 [sql-log-1-thread-1] INFO  o.t.s.dao.sql.TbSqlBlockingQueue - Queue-0 [TS Latest] queueSize [0] totalAdded [7] totalSaved [7] totalFailed [0]
2025-05-05 00:36:55,274 [sql-log-1-thread-1] INFO  o.t.s.dao.sql.TbSqlBlockingQueue - Queue-0 [TS] queueSize [0] totalAdded [2] totalSaved [2] totalFailed [0]
2025-05-05 00:36:55,275 [sql-log-1-thread-1] INFO  o.t.s.dao.sql.TbSqlBlockingQueue - Queue-2 [TS] queueSize [0] totalAdded [2] totalSaved [2] totalFailed [0]
2025-05-05 00:36:55,341 [sql-log-1-thread-1] INFO  o.t.s.dao.sql.TbSqlBlockingQueue - Queue-0 [TS Latest] queueSize [0] totalAdded [2] totalSaved [2] totalFailed [0]
2025-05-05 00:36:55,342 [sql-log-1-thread-1] INFO  o.t.s.dao.sql.TbSqlBlockingQueue - Queue-2 [TS Latest] queueSize [0] totalAdded [2] totalSaved [2] totalFailed [0]
2025-05-05 00:37:05,274 [sql-log-1-thread-1] INFO  o.t.s.dao.sql.TbSqlBlockingQueue - Queue-0 [TS] queueSize [0] totalAdded [7] totalSaved [7] totalFailed [0]
2025-05-05 00:37:05,341 [sql-log-1-thread-1] INFO  o.t.s.dao.sql.TbSqlBlockingQueue - Queue-0 [TS Latest] queueSize [0] totalAdded [7] totalSaved [7] totalFailed [0]
2025-05-05 00:37:14,343 [sql-log-1-thread-1] INFO  o.t.s.dao.sql.TbSqlBlockingQueue - Queue-0 [Attributes] queueSize [0] totalAdded [8] totalSaved [8] totalFailed [0]
2025-05-05 00:37:14,344 [sql-log-1-thread-1] INFO  o.t.s.dao.sql.TbSqlBlockingQueue - Queue-2 [Attributes] queueSize [0] totalAdded [2] totalSaved [2] totalFailed [0]
2025-05-05 00:37:15,273 [sql-log-1-thread-1] INFO  o.t.s.dao.sql.TbSqlBlockingQueue - Queue-0 [TS] queueSize [0] totalAdded [2] totalSaved [2] totalFailed [0]
2025-05-05 00:37:15,274 [sql-log-1-thread-1] INFO  o.t.s.dao.sql.TbSqlBlockingQueue - Queue-2 [TS] queueSize [0] totalAdded [2] totalSaved [2] totalFailed [0]
2025-05-05 00:37:15,340 [sql-log-1-thread-1] INFO  o.t.s.dao.sql.TbSqlBlockingQueue - Queue-0 [TS Latest] queueSize [0] totalAdded [2] totalSaved [2] totalFailed [0]
2025-05-05 00:37:15,341 [sql-log-1-thread-1] INFO  o.t.s.dao.sql.TbSqlBlockingQueue - Queue-2 [TS Latest] queueSize [0] totalAdded [2] totalSaved [2] totalFailed [0]
2025-05-05 00:37:42,713 [TB-Scheduling-5] INFO  o.t.s.dao.aspect.SqlDaoCallsAspect - Total timing statistics below:
2025-05-05 00:37:42,714 [TB-Scheduling-5] INFO  o.t.s.dao.aspect.SqlDaoCallsAspect - [b21a13d0-293e-11f0-a867-61f7cbe53541]: calls: 1, failures: 0, exec time: 7 
2025-05-05 00:37:42,715 [TB-Scheduling-5] INFO  o.t.s.dao.aspect.SqlDaoCallsAspect - [b21a13d0-293e-11f0-a867-61f7cbe53541] Top 3 methods by timing:
2025-05-05 00:37:42,715 [TB-Scheduling-5] INFO  o.t.s.dao.aspect.SqlDaoCallsAspect - [b21a13d0-293e-11f0-a867-61f7cbe53541]: method: JpaNotificationRuleDao.findByTenantIdAndTriggerTypeAndEnabled(..), calls: 1, failures: 0, exec time: 7
2025-05-05 00:37:42,808 [TB-Scheduling-3] INFO  o.t.s.s.q.TbRuleEngineConsumerStats - [Main] Stats: totalMsgs = [5] successfulMsgs = [5] timeoutMsgs = [0] failedMsgs = [0] tmpTimeout = [0] tmpFailed = [0] successfulIterations = [4] failedIterations = [0] 
2025-05-05 00:37:45,272 [sql-log-1-thread-1] INFO  o.t.s.dao.sql.TbSqlBlockingQueue - Queue-2 [TS] queueSize [0] totalAdded [6] totalSaved [6] totalFailed [0]
2025-05-05 00:37:45,339 [sql-log-1-thread-1] INFO  o.t.s.dao.sql.TbSqlBlockingQueue - Queue-2 [TS Latest] queueSize [0] totalAdded [6] totalSaved [6] totalFailed [0]
2025-05-05 00:37:55,272 [sql-log-1-thread-1] INFO  o.t.s.dao.sql.TbSqlBlockingQueue - Queue-0 [TS] queueSize [0] totalAdded [2] totalSaved [2] totalFailed [0]
2025-05-05 00:37:55,273 [sql-log-1-thread-1] INFO  o.t.s.dao.sql.TbSqlBlockingQueue - Queue-2 [TS] queueSize [0] totalAdded [2] totalSaved [2] totalFailed [0]
2025-05-05 00:37:55,339 [sql-log-1-thread-1] INFO  o.t.s.dao.sql.TbSqlBlockingQueue - Queue-0 [TS Latest] queueSize [0] totalAdded [2] totalSaved [2] totalFailed [0]
2025-05-05 00:37:55,340 [sql-log-1-thread-1] INFO  o.t.s.dao.sql.TbSqlBlockingQueue - Queue-2 [TS Latest] queueSize [0] totalAdded [2] totalSaved [2] totalFailed [0]
2025-05-05 00:38:05,272 [sql-log-1-thread-1] INFO  o.t.s.dao.sql.TbSqlBlockingQueue - Queue-0 [TS] queueSize [0] totalAdded [7] totalSaved [7] totalFailed [0]
2025-05-05 00:38:05,339 [sql-log-1-thread-1] INFO  o.t.s.dao.sql.TbSqlBlockingQueue - Queue-0 [TS Latest] queueSize [0] totalAdded [7] totalSaved [7] totalFailed [0]
